Handling lib "rpc-service-ota"...
Handling lib "rpc-service-i2c"...
Handling liSuccess, built EDEN_CURTAIN/esp8266 version 1.0.1 (20201231-072922).
Firmware saved to C:\Users\edith\Documents\GitHub\eden-apps\curtain\build\fw.zip
ce-i2c: Does not exist, cloning from "https://github.com/mongoose-os-libs/rpc-service-i2c"...
Handling lib "wifi"...
Handling lib "rpc-ws"...
Handling lib "rpc-loopback"...
Handling lib "core"...
Handling lib "ca-bundle"...
Handling lib "dash"...
Handling lib "rpc-mqtt"...
Handling lib "shadow"...
rpc-uart: Does not exist, cloning from "https://github.com/mongoose-os-libs/rpc-uart"...
Handling lib "sntp"...
Handling lib "http-server"...
Handling lib "rpc-service-config"...
Handling lib "ota-http-server"...
Handling lib "file-logger"...
sntp: Does not exist, cloning from "https://github.com/mongoose-os-libs/sntp"...
aws: Does not exist, cloning from "https://github.com/mongoose-os-libs/aws"...
http-server: Does not exist, cloning from "https://github.com/mongoose-os-libs/http-server"...
Handling lib "vfs-dev-spi-flash"...
rpc-service-config: Does not exist, cloning from "https://github.com/mongoose-os-libs/rpc-service-config"...
file-logger: Does not exist, cloning from "https://github.com/mongoose-os-libs/file-logger"...
ota-http-server: Does not exist, cloning from "https://github.com/mongoose-os-libs/ota-http-server"...
Handling lib "spi"...
Handling lib "mqtt"...
vfs-dev-spi-flash: Does not exist, cloning from "https://github.com/mongoose-os-libs/vfs-dev-spi-flash"...
Handling lib "rpc-service-fs"...
Handling lib "rpc-service-gpio"...
rpc-service-fs: Does not exist, cloning from "https://github.com/mongoose-os-libs/rpc-service-fs"...
rpc-service-gpio: Does not exist, cloning from "https://github.com/mongoose-os-libs/rpc-service-gpio"...
core: Does not exist, cloning from "https://github.com/mongoose-os-libs/core"...
mqtt: Does not exist, cloning from "https://github.com/mongoose-os-libs/mqtt"...
spi: Does not exist, cloning from "https://github.com/mongoose-os-libs/spi"...
rpc-loopback: Does not exist, cloning from "https://github.com/mongoose-os-libs/rpc-loopback"...
ca-bundle: Does not exist, cloning from "https://github.com/mongoose-os-libs/ca-bundle"...
dash: Does not exist, cloning from "https://github.com/mongoose-os-libs/dash"...
shadow: Does not exist, cloning from "https://github.com/mongoose-os-libs/shadow"...
rpc-mqtt: Does not exist, cloning from "https://github.com/mongoose-os-libs/rpc-mqtt"...
rpc-ws: Does not exist, cloning from "https://github.com/mongoose-os-libs/rpc-ws"...
wifi: Does not exist, cloning from "https://github.com/mongoose-os-libs/wifi"...
file-logger: Checking out 2.18.0...
sntp: Checking out 2.18.0...
sntp: Done, hash 42591292134b829afbceeecd1d52cd510dd922c2
file-logger: Done, hash a1964ec96df5c399a3a8b3198ca1e809239e25ad
sntp: Hash is updated:  -> 42591292134b829afbceeecd1d52cd510dd922c2
sntp: Prepared local dir: "/data/fwbuild-volumes/2.18.0/apps/EDEN_CURTAIN/esp8266/build_contexts/build_ctx_072472052/deps/sntp"
file-logger: Hash is updated:  -> a1964ec96df5c399a3a8b3198ca1e809239e25ad
file-logger: Prepared local dir: "/data/fwbuild-volumes/2.18.0/apps/EDEN_CURTAIN/esp8266/build_contexts/build_ctx_072472052/deps/file-logger"
shadow: Checking out 2.18.0...
shadow: Done, hash 0be68cac8bbfeb1e45b5a516118243cecce1ec8f
shadow: Hash is updated:  -> 0be68cac8bbfeb1e45b5a516118243cecce1ec8f
shadow: Prepared local dir: "/data/fwbuild-volumes/2.18.0/apps/EDEN_CURTAIN/esp8266/build_contexts/build_ctx_072472052/deps/shadow"
rpc-ws: Checking out 2.18.0...
rpc-ws: Done, hash e8e507f4a91eb96a0c664fa33319b2e4f0ed89b2
rpc-ws: Hash is updated:  -> e8e507f4a91eb96a0c664fa33319b2e4f0ed89b2
rpc-ws: Prepared local dir: "/data/fwbuild-volumes/2.18.0/apps/EDEN_CURTAIN/esp8266/build_contexts/build_ctx_072472052/deps/rpc-ws"
core: Checking out 2.18.0...
core: Done, hash c7359ef09e0f75bd693d88672ba9665b84d0e46a
core: Hash is updated:  -> c7359ef09e0f75bd693d88672ba9665b84d0e46a
core: Prepared local dir: "/data/fwbuild-volumes/2.18.0/apps/EDEN_CURTAIN/esp8266/build_contexts/build_ctx_072472052/deps/core"
http-server: Checking out 2.18.0...
http-server: Done, hash 0d04893ce2f8c594e4e13b570edf8a9af132746e
http-server: Hash is updated:  -> 0d04893ce2f8c594e4e13b570edf8a9af132746e
http-server: Prepared local dir: "/data/fwbuild-volumes/2.18.0/apps/EDEN_CURTAIN/esp8266/build_contexts/build_ctx_072472052/deps/http-server"
ca-bundle: Checking out 2.18.0...
ca-bundle: Done, hash c6a3caec6567790ba33b448c5550ec032b20914f
ca-bundle: Hash is updated:  -> c6a3caec6567790ba33b448c5550ec032b20914f
ca-bundle: Prepared local dir: "/data/fwbuild-volumes/2.18.0/apps/EDEN_CURTAIN/esp8266/build_contexts/build_ctx_072472052/deps/ca-bundle"
rpc-service-ota: Checking out 2.18.0...
rpc-service-ota: Done, hash 136c3e34bf6a831e5fc00e1d59f90fe475445987
rpc-service-ota: Hash is updated:  -> 136c3e34bf6a831e5fc00e1d59f90fe475445987
rpc-service-ota: Prepared local dir: "/data/fwbuild-volumes/2.18.0/apps/EDEN_CURTAIN/esp8266/build_contexts/build_ctx_072472052/deps/rpc-service-ota"
rpc-loopback: Checking out 2.18.0...
rpc-service-i2c: Checking out 2.18.0...
wifi: Checking out 2.18.0...
rpc-service-i2c: Done, hash 0ae1956a03d37c07adab58059fd457c37b2cba12
wifi: Done, hash 2092ed2bd363ff80f1036a63b0ab188851f710d3
rpc-loopback: Done, hash dec04b4ec1205e3fbf017a2cd3a5a3d8eceacd04
rpc-service-i2c: Hash is updated:  -> 0ae1956a03d37c07adab58059fd457c37b2cba12
rpc-service-i2c: Prepared local dir: "/data/fwbuild-volumes/2.18.0/apps/EDEN_CURTAIN/esp8266/build_contexts/build_ctx_072472052/deps/rpc-service-i2c"
wifi: Hash is updated:  -> 2092ed2bd363ff80f1036a63b0ab188851f710d3
wifi: Prepared local dir: "/data/fwbuild-volumes/2.18.0/apps/EDEN_CURTAIN/esp8266/build_contexts/build_ctx_072472052/deps/wifi"
rpc-loopback: Hash is updated:  -> dec04b4ec1205e3fbf017a2cd3a5a3d8eceacd04
rpc-loopback: Prepared local dir: "/data/fwbuild-volumes/2.18.0/apps/EDEN_CURTAIN/esp8266/build_contexts/build_ctx_072472052/deps/rpc-loopback"
ota-http-server: Checking out 2.18.0...
rpc-service-fs: Checking out 2.18.0...
rpc-mqtt: Checking out 2.18.0...
rpc-service-fs: Done, hash 7edeecacec8ed276aa83485ae8879219dfface29
ota-http-server: Done, hash 6a4130f33dcde4940c079aef9c734d869df62f3b
rpc-mqtt: Done, hash bf134e13dd6b41d680b1de92918145f2fe2ace23
ota-http-server: Hash is updated:  -> 6a4130f33dcde4940c079aef9c734d869df62f3b
rpc-service-fs: Hash is updated:  -> 7edeecacec8ed276aa83485ae8879219dfface29
ota-http-server: Prepared local dir: "/data/fwbuild-volumes/2.18.0/apps/EDEN_CURTAIN/esp8266/build_contexts/build_ctx_072472052/deps/ota-http-server"
rpc-service-fs: Prepared local dir: "/data/fwbuild-volumes/2.18.0/apps/EDEN_CURTAIN/esp8266/build_contexts/build_ctx_072472052/deps/rpc-service-fs"
rpc-mqtt: Hash is updated:  -> bf134e13dd6b41d680b1de92918145f2fe2ace23
rpc-mqtt: Prepared local dir: "/data/fwbuild-volumes/2.18.0/apps/EDEN_CURTAIN/esp8266/build_contexts/build_ctx_072472052/deps/rpc-mqtt"
dash: Checking out 2.18.0...
rpc-service-gpio: Checking out 2.18.0...
rpc-service-config: Checking out 2.18.0...
rpc-uart: Checking out 2.18.0...
mqtt: Checking out 2.18.0...
rpc-service-config: Done, hash b30e187977d8dafcb4297cff60e036855a7ff531
rpc-service-gpio: Done, hash 7b8c83ea02aec666536bd5c761d94833ea8df569
mqtt: Done, hash 2151fbbade39692c958d695a2442c0d3cd7180dd
rpc-uart: Done, hash 4c68e5d7b3eecb19ccc6128f111a118384ed20b4
dash: Done, hash 8d3a2c420fa274deda1d46358b48d944b819ff54
rpc-service-config: Hash is updated:  -> b30e187977d8dafcb4297cff60e036855a7ff531
rpc-service-config: Prepared local dir: "/data/fwbuild-volumes/2.18.0/apps/EDEN_CURTAIN/esp8266/build_contexts/build_ctx_072472052/deps/rpc-service-config"
mqtt: Hash is updated:  -> 2151fbbade39692c958d695a2442c0d3cd7180dd
rpc-service-gpio: Hash is updated:  -> 7b8c83ea02aec666536bd5c761d94833ea8df569
mqtt: Prepared local dir: "/data/fwbuild-volumes/2.18.0/apps/EDEN_CURTAIN/esp8266/build_contexts/build_ctx_072472052/deps/mqtt"
rpc-service-gpio: Prepared local dir: "/data/fwbuild-volumes/2.18.0/apps/EDEN_CURTAIN/esp8266/build_contexts/build_ctx_072472052/deps/rpc-service-gpio"
rpc-uart: Hash is updated:  -> 4c68e5d7b3eecb19ccc6128f111a118384ed20b4
rpc-uart: Prepared local dir: "/data/fwbuild-volumes/2.18.0/apps/EDEN_CURTAIN/esp8266/build_contexts/build_ctx_072472052/deps/rpc-uart"
dash: Hash is updated:  -> 8d3a2c420fa274deda1d46358b48d944b819ff54
dash: Prepared local dir: "/data/fwbuild-volumes/2.18.0/apps/EDEN_CURTAIN/esp8266/build_contexts/build_ctx_072472052/deps/dash"
spi: Checking out 2.18.0...
spi: Done, hash bef6469b5f6f860cc18d4c9a77a590b5ff39924f
spi: Hash is updated:  -> bef6469b5f6f860cc18d4c9a77a590b5ff39924f
spi: Prepared local dir: "/data/fwbuild-volumes/2.18.0/apps/EDEN_CURTAIN/esp8266/build_contexts/build_ctx_072472052/deps/spi"
aws: Checking out 2.18.0...
vfs-dev-spi-flash: Checking out 2.18.0...
aws: Done, hash 91e873601a138cca26305fd3ee8af1913d24f0ed
vfs-dev-spi-flash: Done, hash 38cf753b346a2f601012ab3614fcf5d42ce418b3
aws: Hash is updated:  -> 91e873601a138cca26305fd3ee8af1913d24f0ed
aws: Prepared local dir: "/data/fwbuild-volumes/2.18.0/apps/EDEN_CURTAIN/esp8266/build_contexts/build_ctx_072472052/deps/aws"
vfs-dev-spi-flash: Hash is updated:  -> 38cf753b346a2f601012ab3614fcf5d42ce418b3
vfs-dev-spi-flash: Prepared local dir: "/data/fwbuild-volumes/2.18.0/apps/EDEN_CURTAIN/esp8266/build_contexts/build_ctx_072472052/deps/vfs-dev-spi-flash"
Handling lib "rpc-common"...
rpc-common: Does not exist, cloning from "https://github.com/mongoose-os-libs/rpc-common"...
rpc-common: Checking out 2.18.0...
rpc-common: Done, hash 725b0a71a4af29e3f1d13cd7d38c868bc2729c5b
rpc-common: Hash is updated:  -> 725b0a71a4af29e3f1d13cd7d38c868bc2729c5b
rpc-common: Prepared local dir: "/data/fwbuild-volumes/2.18.0/apps/EDEN_CURTAIN/esp8266/build_contexts/build_ctx_072472052/deps/rpc-common"
Handling lib "mongoose"...
mongoose: Does not exist, cloning from "https://github.com/mongoose-os-libs/mongoose"...
mongoose: Checking out 2.18.0...
mongoose: Done, hash 135dae3e5280c09e6416a3797effb507b93eef1d
mongoose: Hash is updated:  -> 135dae3e5280c09e6416a3797effb507b93eef1d
mongoose: Prepared local dir: "/data/fwbuild-volumes/2.18.0/apps/EDEN_CURTAIN/esp8266/build_contexts/build_ctx_072472052/deps/mongoose"
Handling lib "ota-http-client"...
ota-http-client: Does not exist, cloning from "https://github.com/mongoose-os-libs/ota-http-client"...
ota-http-client: Checking out 2.18.0...
ota-http-client: Done, hash e2f9fcfcae9e6efb24e6de6b42af6dd483dd675b
ota-http-client: Hash is updated:  -> e2f9fcfcae9e6efb24e6de6b42af6dd483dd675b
ota-http-client: Prepared local dir: "/data/fwbuild-volumes/2.18.0/apps/EDEN_CURTAIN/esp8266/build_contexts/build_ctx_072472052/deps/ota-http-client"
Handling lib "i2c"...
i2c: Does not exist, cloning from "https://github.com/mongoose-os-libs/i2c"...
i2c: Checking out 2.18.0...
i2c: Done, hash a411757db65da6890a30028244c8fc932d45f6f2
i2c: Hash is updated:  -> a411757db65da6890a30028244c8fc932d45f6f2
i2c: Prepared local dir: "/data/fwbuild-volumes/2.18.0/apps/EDEN_CURTAIN/esp8266/build_contexts/build_ctx_072472052/deps/i2c"
Handling lib "ota-common"...
ota-common: Does not exist, cloning from "https://github.com/mongoose-os-libs/ota-common"...
ota-common: Checking out 2.18.0...
ota-common: Done, hash 44ea0bc408df43fa4779faea1882f8138bfe33d0
ota-common: Hash is updated:  -> 44ea0bc408df43fa4779faea1882f8138bfe33d0
ota-common: Prepared local dir: "/data/fwbuild-volumes/2.18.0/apps/EDEN_CURTAIN/esp8266/build_contexts/build_ctx_072472052/deps/ota-common"
Handling lib "ota-shadow"...
ota-shadow: Does not exist, cloning from "https://github.com/mongoose-os-libs/ota-shadow"...
ota-shadow: Checking out 2.18.0...
ota-shadow: Done, hash b3b148e5c6c21ae226143c1f8025facea51228fc
ota-shadow: Hash is updated:  -> b3b148e5c6c21ae226143c1f8025facea51228fc
ota-shadow: Prepared local dir: "/data/fwbuild-volumes/2.18.0/apps/EDEN_CURTAIN/esp8266/build_contexts/build_ctx_072472052/deps/ota-shadow"
Handling lib "vfs-common"...
vfs-common: Does not exist, cloning from "https://github.com/mongoose-os-libs/vfs-common"...
vfs-common: Checking out 2.18.0...
vfs-common: Done, hash 385648d692685da59be1800d777839050403f39a
vfs-common: Hash is updated:  -> 385648d692685da59be1800d777839050403f39a
vfs-common: Prepared local dir: "/data/fwbuild-volumes/2.18.0/apps/EDEN_CURTAIN/esp8266/build_contexts/build_ctx_072472052/deps/vfs-common"
Handling lib "mbedtls"...
mbedtls: Does not exist, cloning from "https://github.com/mongoose-os-libs/mbedtls"...
mbedtls: Checking out 2.18.0...
mbedtls: Done, hash 9ee056272d354d144e714791c4ba9a67c1ff8763
mbedtls: Hash is updated:  -> 9ee056272d354d144e714791c4ba9a67c1ff8763
mbedtls: Prepared local dir: "/data/fwbuild-volumes/2.18.0/apps/EDEN_CURTAIN/esp8266/build_contexts/build_ctx_072472052/deps/mbedtls"
Handling lib "atca"...
atca: Does not exist, cloning from "https://github.com/mongoose-os-libs/atca"...
atca: Checking out 2.18.0...
atca: Done, hash 4ed29060b9d0be153189af5dc196bd8458451362
atca: Hash is updated:  -> 4ed29060b9d0be153189af5dc196bd8458451362
atca: Prepared local dir: "/data/fwbuild-volumes/2.18.0/apps/EDEN_CURTAIN/esp8266/build_contexts/build_ctx_072472052/deps/atca"
Handling lib "vfs-dev-part"...
Handling lib "vfs-fs-spiffs"...
Handling lib "vfs-fs-lfs"...
vfs-fs-lfs: Does not exist, cloning from "https://github.com/mongoose-os-libs/vfs-fs-lfs"...
vfs-fs-spiffs: Does not exist, cloning from "https://github.com/mongoose-os-libs/vfs-fs-spiffs"...
vfs-dev-part: Does not exist, cloning from "https://github.com/mongoose-os-libs/vfs-dev-part"...
vfs-dev-part: Checking out 2.18.0...
vfs-dev-part: Done, hash 94426df449f807e4268e1d1a3ee5146da85902da
vfs-dev-part: Hash is updated:  -> 94426df449f807e4268e1d1a3ee5146da85902da
vfs-dev-part: Prepared local dir: "/data/fwbuild-volumes/2.18.0/apps/EDEN_CURTAIN/esp8266/build_contexts/build_ctx_072472052/deps/vfs-dev-part"
vfs-fs-spiffs: Checking out 2.18.0...
vfs-fs-spiffs: Done, hash 68c0482c3e42db3f1172d0e43a2f24de0314cbee
vfs-fs-spiffs: Hash is updated:  -> 68c0482c3e42db3f1172d0e43a2f24de0314cbee
vfs-fs-spiffs: Prepared local dir: "/data/fwbuild-volumes/2.18.0/apps/EDEN_CURTAIN/esp8266/build_contexts/build_ctx_072472052/deps/vfs-fs-spiffs"
vfs-fs-lfs: Checking out 2.18.0...
vfs-fs-lfs: Done, hash 736da1eac473715f397982d3a8141c2f1865a71a
vfs-fs-lfs: Hash is updated:  -> 736da1eac473715f397982d3a8141c2f1865a71a
vfs-fs-lfs: Prepared local dir: "/data/fwbuild-volumes/2.18.0/apps/EDEN_CURTAIN/esp8266/build_contexts/build_ctx_072472052/deps/vfs-fs-lfs"
The flag --repo is not given, going to use mongoose-os repository
mongoose-os: Does not exist, cloning from "https://github.com/cesanta/mongoose-os"...
mongoose-os: Checking out 2.18.0...
mongoose-os: Done, hash 24c520dc82b5c602e33f34d8e309f13ab4a13652
Successfully fetched prebuilt binary for "mbedtls" to "/data/fwbuild-volumes/2.18.0/apps/EDEN_CURTAIN/esp8266/build_contexts/build_ctx_072472052/build/objs/libmbedtls-esp8266-2.18.0.a"
Successfully fetched prebuilt binary for "mongoose" to "/data/fwbuild-volumes/2.18.0/apps/EDEN_CURTAIN/esp8266/build_contexts/build_ctx_072472052/build/objs/libmongoose-esp8266-2.18.0.a"
Successfully fetched prebuilt binary for "ota-common" to "/data/fwbuild-volumes/2.18.0/apps/EDEN_CURTAIN/esp8266/build_contexts/build_ctx_072472052/build/objs/libota-common-esp8266-2.18.0.a"
Successfully fetched prebuilt binary for "ota-http-client" to "/data/fwbuild-volumes/2.18.0/apps/EDEN_CURTAIN/esp8266/build_contexts/build_ctx_072472052/build/objs/libota-http-client-esp8266-2.18.0.a"
Successfully fetched prebuilt binary for "ota-shadow" to "/data/fwbuild-volumes/2.18.0/apps/EDEN_CURTAIN/esp8266/build_contexts/build_ctx_072472052/build/objs/libota-shadow-esp8266-2.18.0.a"
Successfully fetched prebuilt binary for "dash" to "/data/fwbuild-volumes/2.18.0/apps/EDEN_CURTAIN/esp8266/build_contexts/build_ctx_072472052/build/objs/libdash-esp8266-2.18.0.a"
Successfully fetched prebuilt binary for "ota-http-server" to "/data/fwbuild-volumes/2.18.0/apps/EDEN_CURTAIN/esp8266/build_contexts/build_ctx_072472052/build/objs/libota-http-server-esp8266-2.18.0.a"
Successfully fetched prebuilt binary for "rpc-service-ota" to "/data/fwbuild-volumes/2.18.0/apps/EDEN_CURTAIN/esp8266/build_contexts/build_ctx_072472052/build/objs/librpc-service-ota-esp8266-2.18.0.a"
Sources: [/data/fwbuild-volumes/2.18.0/apps/EDEN_CURTAIN/esp8266/build_contexts/build_ctx_072472052/src/main.c /data/fwbuild-volumes/2.18.0/apps/EDEN_CURTAIN/esp8266/build_contexts/build_ctx_072472052/build/gen/mgos_deps_init.c /data/fwbuild-volumes/2.18.0/apps/EDEN_CURTAIN/esp8266/build_contexts/build_ctx_072472052/deps/i2c/src/mgos_i2c_master.c /data/fwbuild-volumes/2.18.0/apps/EDEN_CURTAIN/esp8266/build_contexts/build_ctx_072472052/deps/i2c/src/gpio/mgos_i2c_gpio_master.c /data/fwbuild-volumes/2.18.0/apps/EDEN_CURTAIN/esp8266/build_contexts/build_ctx_072472052/deps/atca/src/mgos_atca.c /data/fwbuild-volumes/2.18.0/apps/EDEN_CURTAIN/esp8266/build_contexts/build_ctx_072472052/deps/atca/src/mgos_atca_hal.c /data/fwbuild-volumes/2.18.0/apps/EDEN_CURTAIN/esp8266/build_contexts/build_ctx_072472052/deps/atca/cryptoauthlib/lib/atca_cfgs.c /data/fwbuild-volumes/2.18.0/apps/EDEN_CURTAIN/esp8266/build_contexts/build_ctx_072472052/deps/atca/cryptoauthlib/lib/atca_command.c /data/fwbuild-volumes/2.18.0/apps/EDEN_CURTAIN/esp8266/build_contexts/build_ctx_072472052/deps/atca/cryptoauthlib/lib/atca_device.c /data/fwbuild-volumes/2.18.0/apps/EDEN_CURTAIN/esp8266/build_contexts/build_ctx_072472052/deps/atca/cryptoauthlib/lib/atca_execution.c /data/fwbuild-volumes/2.18.0/apps/EDEN_CURTAIN/esp8266/build_contexts/build_ctx_072472052/deps/atca/cryptoauthlib/lib/atca_iface.c /data/fwbuild-volumes/2.18.0/apps/EDEN_CURTAIN/esp8266/build_contexts/build_ctx_072472052/deps/atca/cryptoauthlib/lib/basic/atca_basic.c /data/fwbuild-volumes/2.18.0/apps/EDEN_CURTAIN/esp8266/build_contexts/build_ctx_072472052/deps/atca/cryptoauthlib/lib/basic/atca_basic_aes.c /data/fwbuild-volumes/2.18.0/apps/EDEN_CURTAIN/esp8266/build_contexts/build_ctx_072472052/deps/atca/cryptoauthlib/lib/basic/atca_basic_aes_cbc.c /data/fwbuild-volumes/2.18.0/apps/EDEN_CURTAIN/esp8266/build_contexts/build_ctx_072472052/deps/atca/cryptoauthlib/lib/basic/atca_basic_aes_cmac.c /data/fwbuild-volumes/2.18.0/apps/EDEN_CURTAIN/esp8266/build_contexts/build_ctx_072472052/deps/atca/cryptoauthlib/lib/basic/atca_basic_aes_ctr.c /data/fwbuild-volumes/2.18.0/apps/EDEN_CURTAIN/esp8266/build_contexts/build_ctx_072472052/deps/atca/cryptoauthlib/lib/basic/atca_basic_aes_gcm.c /data/fwbuild-volumes/2.18.0/apps/EDEN_CURTAIN/esp8266/build_contexts/build_ctx_072472052/deps/atca/cryptoauthlib/lib/basic/atca_basic_checkmac.c /data/fwbuild-volumes/2.18.0/apps/EDEN_CURTAIN/esp8266/build_contexts/build_ctx_072472052/deps/atca/cryptoauthlib/lib/basic/atca_basic_counter.c /data/fwbuild-volumes/2.18.0/apps/EDEN_CURTAIN/esp8266/build_contexts/build_ctx_072472052/deps/atca/cryptoauthlib/lib/basic/atca_basic_derivekey.c /data/fwbuild-volumes/2.18.0/apps/EDEN_CURTAIN/esp8266/build_contexts/build_ctx_072472052/deps/atca/cryptoauthlib/lib/basic/atca_basic_ecdh.c /data/fwbuild-volumes/2.18.0/apps/EDEN_CURTAIN/esp8266/build_contexts/build_ctx_072472052/deps/atca/cryptoauthlib/lib/basic/atca_basic_gendig.c /data/fwbuild-volumes/2.18.0/apps/EDEN_CURTAIN/esp8266/build_contexts/build_ctx_072472052/deps/atca/cryptoauthlib/lib/basic/atca_basic_genkey.c /data/fwbuild-volumes/2.18.0/apps/EDEN_CURTAIN/esp8266/build_contexts/build_ctx_072472052/deps/atca/cryptoauthlib/lib/basic/atca_basic_hmac.c /data/fwbuild-volumes/2.18.0/apps/EDEN_CURTAIN/esp8266/build_contexts/build_ctx_072472052/deps/atca/cryptoauthlib/lib/basic/atca_basic_info.c /data/fwbuild-volumes/2.18.0/apps/EDEN_CURTAIN/esp8266/build_contexts/build_ctx_072472052/deps/atca/cryptoauthlib/lib/basic/atca_basic_kdf.c /data/fwbuild-volumes/2.18.0/apps/EDEN_CURTAIN/esp8266/build_contexts/build_ctx_072472052/deps/atca/cryptoauthlib/lib/basic/atca_basic_lock.c /data/fwbuild-volumes/2.18.0/apps/EDEN_CURTAIN/esp8266/build_contexts/build_ctx_072472052/deps/atca/cryptoauthlib/lib/basic/atca_basic_mac.c /data/fwbuild-volumes/2.18.0/apps/EDEN_CURTAIN/esp8266/build_contexts/build_ctx_072472052/deps/atca/cryptoauthlib/lib/basic/atca_basic_nonce.c /data/fwbuild-volumes/2.18.0/apps/EDEN_CURTAIN/esp8266/build_contexts/build_ctx_072472052/deps/atca/cryptoauthlib/lib/basic/atca_basic_privwrite.c /data/fwbuild-volumes/2.18.0/apps/EDEN_CURTAIN/esp8266/build_contexts/build_ctx_072472052/deps/atca/cryptoauthlib/lib/basic/atca_basic_random.c /data/fwbuild-volumes/2.18.0/apps/EDEN_CURTAIN/esp8266/build_contexts/build_ctx_072472052/deps/atca/cryptoauthlib/lib/basic/atca_basic_read.c /data/fwbuild-volumes/2.18.0/apps/EDEN_CURTAIN/esp8266/build_contexts/build_ctx_072472052/deps/atca/cryptoauthlib/lib/basic/atca_basic_secureboot.c /data/fwbuild-volumes/2.18.0/apps/EDEN_CURTAIN/esp8266/build_contexts/build_ctx_072472052/deps/atca/cryptoauthlib/lib/basic/atca_basic_selftest.c /data/fwbuild-volumes/2.18.0/apps/EDEN_CURTAIN/esp8266/build_contexts/build_ctx_072472052/deps/atca/cryptoauthlib/lib/basic/atca_basic_sha.c /data/fwbuild-volumes/2.18.0/apps/EDEN_CURTAIN/esp8266/build_contexts/build_ctx_072472052/deps/atca/cryptoauthlib/lib/basic/atca_basic_sign.c /data/fwbuild-volumes/2.18.0/apps/EDEN_CURTAIN/esp8266/build_contexts/build_ctx_072472052/deps/atca/cryptoauthlib/lib/basic/atca_basic_updateextra.c /data/fwbuild-volumes/2.18.0/apps/EDEN_CURTAIN/esp8266/build_contexts/build_ctx_072472052/deps/atca/cryptoauthlib/lib/basic/atca_basic_verify.c /data/fwbuild-volumes/2.18.0/apps/EDEN_CURTAIN/esp8266/build_contexts/build_ctx_072472052/deps/atca/cryptoauthlib/lib/basic/atca_basic_write.c /data/fwbuild-volumes/2.18.0/apps/EDEN_CURTAIN/esp8266/build_contexts/build_ctx_072472052/deps/atca/cryptoauthlib/lib/basic/atca_helpers.c /data/fwbuild-volumes/2.18.0/apps/EDEN_CURTAIN/esp8266/build_contexts/build_ctx_072472052/deps/atca/cryptoauthlib/lib/host/atca_host.c /data/fwbuild-volumes/2.18.0/apps/EDEN_CURTAIN/esp8266/build_contexts/build_ctx_072472052/deps/atca/cryptoauthlib/lib/mbedtls/atca_mbedtls_wrap.c /data/fwbuild-volumes/2.18.0/apps/EDEN_CURTAIN/esp8266/build_contexts/build_ctx_072472052/deps/vfs-common/src/mgos_vfs.c /data/fwbuild-volumes/2.18.0/apps/EDEN_CURTAIN/esp8266/build_contexts/build_ctx_072472052/deps/vfs-common/src/mgos_vfs_dev.c /data/fwbuild-volumes/2.18.0/apps/EDEN_CURTAIN/esp8266/build_contexts/build_ctx_072472052/deps/vfs-common/src/mgos_vfs_internal.c /data/fwbuild-volumes/2.18.0/apps/EDEN_CURTAIN/esp8266/build_contexts/build_ctx_072472052/deps/vfs-common/src/esp8266/esp_fs.c /data/fwbuild-volumes/2.18.0/apps/EDEN_CURTAIN/esp8266/build_contexts/build_ctx_072472052/deps/vfs-common/src/esp8266/esp_vfs_dev_sysflash.c /data/fwbuild-volumes/2.18.0/apps/EDEN_CURTAIN/esp8266/build_contexts/build_ctx_072472052/deps/vfs-dev-part/src/mgos_vfs_dev_part.c /data/fwbuild-volumes/2.18.0/apps/EDEN_CURTAIN/esp8266/build_contexts/build_ctx_072472052/deps/vfs-fs-lfs/src/mgos_vfs_lfs.c /data/fwbuild-volumes/2.18.0/apps/EDEN_CURTAIN/esp8266/build_contexts/build_ctx_072472052/deps/vfs-fs-lfs/littlefs/lfs.c /data/fwbuild-volumes/2.18.0/apps/EDEN_CURTAIN/esp8266/build_contexts/build_ctx_072472052/deps/vfs-fs-lfs/littlefs/lfs_util.c /data/fwbuild-volumes/2.18.0/apps/EDEN_CURTAIN/esp8266/build_contexts/build_ctx_072472052/deps/vfs-fs-lfs/littlefs1/lfs1.c /data/fwbuild-volumes/2.18.0/apps/EDEN_CURTAIN/esp8266/build_contexts/build_ctx_072472052/deps/vfs-fs-lfs/littlefs1/lfs1_util.c /data/fwbuild-volumes/2.18.0/apps/EDEN_CURTAIN/esp8266/build_contexts/build_ctx_072472052/deps/vfs-fs-spiffs/src/mgos_vfs_fs_spiffs.c /data/fwbuild-volumes/2.18.0/apps/EDEN_CURTAIN/esp8266/build_contexts/build_ctx_072472052/deps/vfs-fs-spiffs/src/spiffs/spiffs_cache.c /data/fwbuild-volumes/2.18.0/apps/EDEN_CURTAIN/esp8266/build_contexts/build_ctx_072472052/deps/vfs-fs-spiffs/src/spiffs/spiffs_check.c /data/fwbuild-volumes/2.18.0/apps/EDEN_CURTAIN/esp8266/build_contexts/build_ctx_072472052/deps/vfs-fs-spiffs/src/spiffs/spiffs_gc.c /data/fwbuild-volumes/2.18.0/apps/EDEN_CURTAIN/esp8266/build_contexts/build_ctx_072472052/deps/vfs-fs-spiffs/src/spiffs/spiffs_hydrogen.c /data/fwbuild-volumes/2.18.0/apps/EDEN_CURTAIN/esp8266/build_contexts/build_ctx_072472052/deps/vfs-fs-spiffs/src/spiffs/spiffs_nucleus.c /data/fwbuild-volumes/2.18.0/apps/EDEN_CURTAIN/esp8266/build_contexts/build_ctx_072472052/deps/core/src/mgos_core.c /data/fwbuild-volumes/2.18.0/apps/EDEN_CURTAIN/esp8266/build_contexts/build_ctx_072472052/deps/core/src/esp8266/esp_rboot.c /data/fwbuild-volumes/2.18.0/apps/EDEN_CURTAIN/esp8266/build_contexts/build_ctx_072472052/deps/mqtt/src/mgos_mqtt.c /data/fwbuild-volumes/2.18.0/apps/EDEN_CURTAIN/esp8266/build_contexts/build_ctx_072472052/deps/mqtt/src/mgos_mqtt_conn.c /data/fwbuild-volumes/2.18.0/apps/EDEN_CURTAIN/esp8266/build_contexts/build_ctx_072472052/deps/shadow/src/mgos_shadow.c /data/fwbuild-volumes/2.18.0/apps/EDEN_CURTAIN/esp8266/build_contexts/build_ctx_072472052/deps/aws/src/mgos_aws.c /data/fwbuild-volumes/2.18.0/apps/EDEN_CURTAIN/esp8266/build_contexts/build_ctx_072472052/deps/aws/src/mgos_aws_greengrass.c /data/fwbuild-volumes/2.18.0/apps/EDEN_CURTAIN/esp8266/build_contexts/build_ctx_072472052/deps/aws/src/mgos_aws_shadow.c /data/fwbuild-volumes/2.18.0/apps/EDEN_CURTAIN/esp8266/build_contexts/build_ctx_072472052/deps/rpc-common/src/mg_rpc.c /data/fwbuild-volumes/2.18.0/apps/EDEN_CURTAIN/esp8266/build_contexts/build_ctx_072472052/deps/rpc-common/src/mg_rpc_channel.c /data/fwbuild-volumes/2.18.0/apps/EDEN_CURTAIN/esp8266/build_contexts/build_ctx_072472052/deps/rpc-common/src/mg_rpc_channel_http.c /data/fwbuild-volumes/2.18.0/apps/EDEN_CURTAIN/esp8266/build_contexts/build_ctx_072472052/deps/rpc-common/src/mgos_rpc.c /data/fwbuild-volumes/2.18.0/apps/EDEN_CURTAIN/esp8266/build_contexts/build_ctx_072472052/deps/rpc-ws/src/mgos_rpc_channel_ws.c /data/fwbuild-volumes/2.18.0/apps/EDEN_CURTAIN/esp8266/build_contexts/build_ctx_072472052/deps/rpc-ws/src/mgos_rpc_ws.c /data/fwbuild-volumes/2.18.0/apps/EDEN_CURTAIN/esp8266/build_contexts/build_ctx_072472052/deps/file-logger/src/mgos_file_logger.c /data/fwbuild-volumes/2.18.0/apps/EDEN_CURTAIN/esp8266/build_contexts/build_ctx_072472052/deps/http-server/src/mgos_http_server.c /data/fwbuild-volumes/2.18.0/apps/EDEN_CURTAIN/esp8266/build_contexts/build_ctx_072472052/deps/rpc-loopback/src/mg_rpc_channel_loopback.c /data/fwbuild-volumes/2.18.0/apps/EDEN_CURTAIN/esp8266/build_contexts/build_ctx_072472052/deps/rpc-mqtt/src/mgos_rpc_channel_mqtt.c /data/fwbuild-volumes/2.18.0/apps/EDEN_CURTAIN/esp8266/build_contexts/build_ctx_072472052/deps/rpc-service-config/src/mgos_service_config.c /data/fwbuild-volumes/2.18.0/apps/EDEN_CURTAIN/esp8266/build_contexts/build_ctx_072472052/deps/rpc-service-fs/src/mgos_service_fs.c /data/fwbuild-volumes/2.18.0/apps/EDEN_CURTAIN/esp8266/build_contexts/build_ctx_072472052/deps/rpc-service-gpio/src/mgos_gpio_service.c /data/fwbuild-volumes/2.18.0/apps/EDEN_CURTAIN/esp8266/build_contexts/build_ctx_072472052/deps/rpc-service-i2c/src/mgos_i2c_service.c /data/fwbuild-volumes/2.18.0/apps/EDEN_CURTAIN/esp8266/build_contexts/build_ctx_072472052/deps/rpc-uart/src/mgos_rpc_channel_uart.c /data/fwbuild-volumes/2.18.0/apps/EDEN_CURTAIN/esp8266/build_contexts/build_ctx_072472052/deps/sntp/src/mgos_sntp.c /data/fwbuild-volumes/2.18.0/apps/EDEN_CURTAIN/esp8266/build_contexts/build_ctx_072472052/deps/spi/src/mgos_spi.c /data/fwbuild-volumes/2.18.0/apps/EDEN_CURTAIN/esp8266/build_contexts/build_ctx_072472052/deps/spi/src/mgos_spi_mjs.c /data/fwbuild-volumes/2.18.0/apps/EDEN_CURTAIN/esp8266/build_contexts/build_ctx_072472052/deps/spi/src/common_gpio/mgos_spi_gpio.c /data/fwbuild-volumes/2.18.0/apps/EDEN_CURTAIN/esp8266/build_contexts/build_ctx_072472052/deps/vfs-dev-spi-flash/src/mgos_vfs_dev_spi_flash.c /data/fwbuild-volumes/2.18.0/apps/EDEN_CURTAIN/esp8266/build_contexts/build_ctx_072472052/deps/wifi/src/mgos_wifi.c /data/fwbuild-volumes/2.18.0/apps/EDEN_CURTAIN/esp8266/build_contexts/build_ctx_072472052/deps/wifi/src/mjs_wifi.c /data/fwbuild-volumes/2.18.0/apps/EDEN_CURTAIN/esp8266/build_contexts/build_ctx_072472052/deps/wifi/src/esp8266/esp_wifi.c]
Include dirs: [/data/fwbuild-volumes/2.18.0/apps/EDEN_CURTAIN/esp8266/build_contexts/build_ctx_072472052/deps/i2c/include /data/fwbuild-volumes/2.18.0/apps/EDEN_CURTAIN/esp8266/build_contexts/build_ctx_072472052/deps/atca/include /data/fwbuild-volumes/2.18.0/apps/EDEN_CURTAIN/esp8266/build_contexts/build_ctx_072472052/deps/atca/cryptoauthlib/lib /data/fwbuild-volumes/2.18.0/apps/EDEN_CURTAIN/esp8266/build_contexts/build_ctx_072472052/deps/atca/cryptoauthlib/lib/crypto /data/fwbuild-volumes/2.18.0/apps/EDEN_CURTAIN/esp8266/build_contexts/build_ctx_072472052/deps/atca/cryptoauthlib/lib/hal /data/fwbuild-volumes/2.18.0/apps/EDEN_CURTAIN/esp8266/build_contexts/build_ctx_072472052/deps/mbedtls/include /data/fwbuild-volumes/2.18.0/apps/EDEN_CURTAIN/esp8266/build_contexts/build_ctx_072472052/deps/mbedtls/include/esp8266 /data/fwbuild-volumes/2.18.0/apps/EDEN_CURTAIN/esp8266/build_contexts/build_ctx_072472052/deps/mbedtls/mbedtls/include /data/fwbuild-volumes/2.18.0/apps/EDEN_CURTAIN/esp8266/build_contexts/build_ctx_072472052/deps/vfs-common/include /data/fwbuild-volumes/2.18.0/apps/EDEN_CURTAIN/esp8266/build_contexts/build_ctx_072472052/deps/vfs-common/include/esp8266 /data/fwbuild-volumes/2.18.0/apps/EDEN_CURTAIN/esp8266/build_contexts/build_ctx_072472052/deps/mongoose/include /data/fwbuild-volumes/2.18.0/apps/EDEN_CURTAIN/esp8266/build_contexts/build_ctx_072472052/deps/vfs-dev-part/include /data/fwbuild-volumes/2.18.0/apps/EDEN_CURTAIN/esp8266/build_contexts/build_ctx_072472052/deps/vfs-fs-lfs/include /data/fwbuild-volumes/2.18.0/apps/EDEN_CURTAIN/esp8266/build_contexts/build_ctx_072472052/deps/vfs-fs-lfs/littlefs /data/fwbuild-volumes/2.18.0/apps/EDEN_CURTAIN/esp8266/build_contexts/build_ctx_072472052/deps/vfs-fs-lfs/littlefs1 /data/fwbuild-volumes/2.18.0/apps/EDEN_CURTAIN/esp8266/build_contexts/build_ctx_072472052/deps/vfs-fs-spiffs/include /data/fwbuild-volumes/2.18.0/apps/EDEN_CURTAIN/esp8266/build_contexts/build_ctx_072472052/deps/vfs-fs-spiffs/include/spiffs /data/fwbuild-volumes/2.18.0/apps/EDEN_CURTAIN/esp8266/build_contexts/build_ctx_072472052/deps/vfs-fs-spiffs/include/esp8266 /data/fwbuild-volumes/2.18.0/apps/EDEN_CURTAIN/esp8266/build_contexts/build_ctx_072472052/deps/core/include /data/fwbuild-volumes/2.18.0/apps/EDEN_CURTAIN/esp8266/build_contexts/build_ctx_072472052/deps/core/include/esp8266 /data/fwbuild-volumes/2.18.0/apps/EDEN_CURTAIN/esp8266/build_contexts/build_ctx_072472052/deps/mqtt/include /data/fwbuild-volumes/2.18.0/apps/EDEN_CURTAIN/esp8266/build_contexts/build_ctx_072472052/deps/shadow/include /data/fwbuild-volumes/2.18.0/apps/EDEN_CURTAIN/esp8266/build_contexts/build_ctx_072472052/deps/aws/include /data/fwbuild-volumes/2.18.0/apps/EDEN_CURTAIN/esp8266/build_contexts/build_ctx_072472052/deps/ota-common/src /data/fwbuild-volumes/2.18.0/apps/EDEN_CURTAIN/esp8266/build_contexts/build_ctx_072472052/deps/ota-common/include /data/fwbuild-volumes/2.18.0/apps/EDEN_CURTAIN/esp8266/build_contexts/build_ctx_072472052/deps/ota-common/include/esp8266 /data/fwbuild-volumes/2.18.0/apps/EDEN_CURTAIN/esp8266/build_contexts/build_ctx_072472052/deps/ota-http-client/include /data/fwbuild-volumes/2.18.0/apps/EDEN_CURTAIN/esp8266/build_contexts/build_ctx_072472052/deps/rpc-common/include /data/fwbuild-volumes/2.18.0/apps/EDEN_CURTAIN/esp8266/build_contexts/build_ctx_072472052/deps/rpc-ws/include /data/fwbuild-volumes/2.18.0/apps/EDEN_CURTAIN/esp8266/build_contexts/build_ctx_072472052/deps/dash/include /data/fwbuild-volumes/2.18.0/apps/EDEN_CURTAIN/esp8266/build_contexts/build_ctx_072472052/deps/file-logger/include /data/fwbuild-volumes/2.18.0/apps/EDEN_CURTAIN/esp8266/build_contexts/build_ctx_072472052/deps/http-server/include /data/fwbuild-volumes/2.18.0/apps/EDEN_CURTAIN/esp8266/build_contexts/build_ctx_072472052/deps/rpc-loopback/include /data/fwbuild-volumes/2.18.0/apps/EDEN_CURTAIN/esp8266/build_contexts/build_ctx_072472052/deps/rpc-mqtt/include /data/fwbuild-volumes/2.18.0/apps/EDEN_CURTAIN/esp8266/build_contexts/build_ctx_072472052/deps/rpc-service-config/include /data/fwbuild-volumes/2.18.0/apps/EDEN_CURTAIN/esp8266/build_contexts/build_ctx_072472052/deps/rpc-service-fs/include /data/fwbuild-volumes/2.18.0/apps/EDEN_CURTAIN/esp8266/build_contexts/build_ctx_072472052/deps/rpc-service-gpio/include /data/fwbuild-volumes/2.18.0/apps/EDEN_CURTAIN/esp8266/build_contexts/build_ctx_072472052/deps/rpc-service-i2c/include /data/fwbuild-volumes/2.18.0/apps/EDEN_CURTAIN/esp8266/build_contexts/build_ctx_072472052/deps/rpc-service-ota/include /data/fwbuild-volumes/2.18.0/apps/EDEN_CURTAIN/esp8266/build_contexts/build_ctx_072472052/deps/rpc-uart/include /data/fwbuild-volumes/2.18.0/apps/EDEN_CURTAIN/esp8266/build_contexts/build_ctx_072472052/deps/spi/include /data/fwbuild-volumes/2.18.0/apps/EDEN_CURTAIN/esp8266/build_contexts/build_ctx_072472052/deps/vfs-dev-spi-flash/include /data/fwbuild-volumes/2.18.0/apps/EDEN_CURTAIN/esp8266/build_contexts/build_ctx_072472052/deps/wifi/include /data/fwbuild-volumes/2.18.0/apps/EDEN_CURTAIN/esp8266/build_contexts/build_ctx_072472052/deps/wifi/include/esp8266]
Binary libs: [/data/fwbuild-volumes/2.18.0/apps/EDEN_CURTAIN/esp8266/build_contexts/build_ctx_072472052/build/objs/libmbedtls-esp8266-2.18.0.a /data/fwbuild-volumes/2.18.0/apps/EDEN_CURTAIN/esp8266/build_contexts/build_ctx_072472052/build/objs/libmongoose-esp8266-2.18.0.a /data/fwbuild-volumes/2.18.0/apps/EDEN_CURTAIN/esp8266/build_contexts/build_ctx_072472052/build/objs/libota-common-esp8266-2.18.0.a /data/fwbuild-volumes/2.18.0/apps/EDEN_CURTAIN/esp8266/build_contexts/build_ctx_072472052/build/objs/libota-http-client-esp8266-2.18.0.a /data/fwbuild-volumes/2.18.0/apps/EDEN_CURTAIN/esp8266/build_contexts/build_ctx_072472052/build/objs/libota-shadow-esp8266-2.18.0.a /data/fwbuild-volumes/2.18.0/apps/EDEN_CURTAIN/esp8266/build_contexts/build_ctx_072472052/build/objs/libdash-esp8266-2.18.0.a /data/fwbuild-volumes/2.18.0/apps/EDEN_CURTAIN/esp8266/build_contexts/build_ctx_072472052/build/objs/libota-http-server-esp8266-2.18.0.a /data/fwbuild-volumes/2.18.0/apps/EDEN_CURTAIN/esp8266/build_contexts/build_ctx_072472052/build/objs/librpc-service-ota-esp8266-2.18.0.a]
Building...
mount from "/data/fwbuild-volumes/2.18.0/apps/EDEN_CURTAIN/esp8266/build_contexts/build_ctx_072472052" to "/app"
mount from "/data/fwbuild-volumes/2.18.0/apps/EDEN_CURTAIN/esp8266/build_contexts/build_ctx_072472052/deps/modules/mongoose-os" to "/mongoose-os"
mount from "/data/fwbuild-volumes/2.18.0/apps/EDEN_CURTAIN/esp8266/build_contexts/build_ctx_072472052/deps/modules/mongoose-os" to "/data/fwbuild-volumes/2.18.0/apps/EDEN_CURTAIN/esp8266/build_contexts/build_ctx_072472052/deps/modules/mongoose-os"
mount from "/data/fwbuild-volumes/2.18.0/apps/EDEN_CURTAIN/esp8266/build_contexts/build_ctx_072472052/build" to "/data/fwbuild-volumes/2.18.0/apps/EDEN_CURTAIN/esp8266/build_contexts/build_ctx_072472052/build"
mount from "/data/fwbuild-volumes/2.18.0/apps/EDEN_CURTAIN/esp8266/build_contexts/build_ctx_072472052/src" to "/data/fwbuild-volumes/2.18.0/apps/EDEN_CURTAIN/esp8266/build_contexts/build_ctx_072472052/src"
mount from "/data/fwbuild-volumes/2.18.0/apps/EDEN_CURTAIN/esp8266/build_contexts/build_ctx_072472052/build/gen" to "/data/fwbuild-volumes/2.18.0/apps/EDEN_CURTAIN/esp8266/build_contexts/build_ctx_072472052/build/gen"
mount from "/data/fwbuild-volumes/2.18.0/apps/EDEN_CURTAIN/esp8266/build_contexts/build_ctx_072472052/deps/i2c/src" to "/data/fwbuild-volumes/2.18.0/apps/EDEN_CURTAIN/esp8266/build_contexts/build_ctx_072472052/deps/i2c/src"
mount from "/data/fwbuild-volumes/2.18.0/apps/EDEN_CURTAIN/esp8266/build_contexts/build_ctx_072472052/deps/i2c/src/gpio" to "/data/fwbuild-volumes/2.18.0/apps/EDEN_CURTAIN/esp8266/build_contexts/build_ctx_072472052/deps/i2c/src/gpio"
mount from "/data/fwbuild-volumes/2.18.0/apps/EDEN_CURTAIN/esp8266/build_contexts/build_ctx_072472052/deps/atca/src" to "/data/fwbuild-volumes/2.18.0/apps/EDEN_CURTAIN/esp8266/build_contexts/build_ctx_072472052/deps/atca/src"
mount from "/data/fwbuild-volumes/2.18.0/apps/EDEN_CURTAIN/esp8266/build_contexts/build_ctx_072472052/deps/atca/cryptoauthlib/lib" to "/data/fwbuild-volumes/2.18.0/apps/EDEN_CURTAIN/esp8266/build_contexts/build_ctx_072472052/deps/atca/cryptoauthlib/lib"
mount from "/data/fwbuild-volumes/2.18.0/apps/EDEN_CURTAIN/esp8266/build_contexts/build_ctx_072472052/deps/atca/cryptoauthlib/lib/basic" to "/data/fwbuild-volumes/2.18.0/apps/EDEN_CURTAIN/esp8266/build_contexts/build_ctx_072472052/deps/atca/cryptoauthlib/lib/basic"
mount from "/data/fwbuild-volumes/2.18.0/apps/EDEN_CURTAIN/esp8266/build_contexts/build_ctx_072472052/deps/atca/cryptoauthlib/lib/host" to "/data/fwbuild-volumes/2.18.0/apps/EDEN_CURTAIN/esp8266/build_contexts/build_ctx_072472052/deps/atca/cryptoauthlib/lib/host"
mount from "/data/fwbuild-volumes/2.18.0/apps/EDEN_CURTAIN/esp8266/build_contexts/build_ctx_072472052/deps/atca/cryptoauthlib/lib/mbedtls" to "/data/fwbuild-volumes/2.18.0/apps/EDEN_CURTAIN/esp8266/build_contexts/build_ctx_072472052/deps/atca/cryptoauthlib/lib/mbedtls"
mount from "/data/fwbuild-volumes/2.18.0/apps/EDEN_CURTAIN/esp8266/build_contexts/build_ctx_072472052/deps/vfs-common/src" to "/data/fwbuild-volumes/2.18.0/apps/EDEN_CURTAIN/esp8266/build_contexts/build_ctx_072472052/deps/vfs-common/src"
mount from "/data/fwbuild-volumes/2.18.0/apps/EDEN_CURTAIN/esp8266/build_contexts/build_ctx_072472052/deps/vfs-common/src/esp8266" to "/data/fwbuild-volumes/2.18.0/apps/EDEN_CURTAIN/esp8266/build_contexts/build_ctx_072472052/deps/vfs-common/src/esp8266"
mount from "/data/fwbuild-volumes/2.18.0/apps/EDEN_CURTAIN/esp8266/build_contexts/build_ctx_072472052/deps/vfs-dev-part/src" to "/data/fwbuild-volumes/2.18.0/apps/EDEN_CURTAIN/esp8266/build_contexts/build_ctx_072472052/deps/vfs-dev-part/src"
mount from "/data/fwbuild-volumes/2.18.0/apps/EDEN_CURTAIN/esp8266/build_contexts/build_ctx_072472052/deps/vfs-fs-lfs/src" to "/data/fwbuild-volumes/2.18.0/apps/EDEN_CURTAIN/esp8266/build_contexts/build_ctx_072472052/deps/vfs-fs-lfs/src"
mount from "/data/fwbuild-volumes/2.18.0/apps/EDEN_CURTAIN/esp8266/build_contexts/build_ctx_072472052/deps/vfs-fs-lfs/littlefs" to "/data/fwbuild-volumes/2.18.0/apps/EDEN_CURTAIN/esp8266/build_contexts/build_ctx_072472052/deps/vfs-fs-lfs/littlefs"
mount from "/data/fwbuild-volumes/2.18.0/apps/EDEN_CURTAIN/esp8266/build_contexts/build_ctx_072472052/deps/vfs-fs-lfs/littlefs1" to "/data/fwbuild-volumes/2.18.0/apps/EDEN_CURTAIN/esp8266/build_contexts/build_ctx_072472052/deps/vfs-fs-lfs/littlefs1"
mount from "/data/fwbuild-volumes/2.18.0/apps/EDEN_CURTAIN/esp8266/build_contexts/build_ctx_072472052/deps/vfs-fs-spiffs/src" to "/data/fwbuild-volumes/2.18.0/apps/EDEN_CURTAIN/esp8266/build_contexts/build_ctx_072472052/deps/vfs-fs-spiffs/src"
mount from "/data/fwbuild-volumes/2.18.0/apps/EDEN_CURTAIN/esp8266/build_contexts/build_ctx_072472052/deps/vfs-fs-spiffs/src/spiffs" to "/data/fwbuild-volumes/2.18.0/apps/EDEN_CURTAIN/esp8266/build_contexts/build_ctx_072472052/deps/vfs-fs-spiffs/src/spiffs"
mount from "/data/fwbuild-volumes/2.18.0/apps/EDEN_CURTAIN/esp8266/build_contexts/build_ctx_072472052/deps/core/src" to "/data/fwbuild-volumes/2.18.0/apps/EDEN_CURTAIN/esp8266/build_contexts/build_ctx_072472052/deps/core/src"
mount from "/data/fwbuild-volumes/2.18.0/apps/EDEN_CURTAIN/esp8266/build_contexts/build_ctx_072472052/deps/core/src/esp8266" to "/data/fwbuild-volumes/2.18.0/apps/EDEN_CURTAIN/esp8266/build_contexts/build_ctx_072472052/deps/core/src/esp8266"
mount from "/data/fwbuild-volumes/2.18.0/apps/EDEN_CURTAIN/esp8266/build_contexts/build_ctx_072472052/deps/mqtt/src" to "/data/fwbuild-volumes/2.18.0/apps/EDEN_CURTAIN/esp8266/build_contexts/build_ctx_072472052/deps/mqtt/src"
mount from "/data/fwbuild-volumes/2.18.0/apps/EDEN_CURTAIN/esp8266/build_contexts/build_ctx_072472052/deps/shadow/src" to "/data/fwbuild-volumes/2.18.0/apps/EDEN_CURTAIN/esp8266/build_contexts/build_ctx_072472052/deps/shadow/src"
mount from "/data/fwbuild-volumes/2.18.0/apps/EDEN_CURTAIN/esp8266/build_contexts/build_ctx_072472052/deps/aws/src" to "/data/fwbuild-volumes/2.18.0/apps/EDEN_CURTAIN/esp8266/build_contexts/build_ctx_072472052/deps/aws/src"
mount from "/data/fwbuild-volumes/2.18.0/apps/EDEN_CURTAIN/esp8266/build_contexts/build_ctx_072472052/deps/rpc-common/src" to "/data/fwbuild-volumes/2.18.0/apps/EDEN_CURTAIN/esp8266/build_contexts/build_ctx_072472052/deps/rpc-common/src"
mount from "/data/fwbuild-volumes/2.18.0/apps/EDEN_CURTAIN/esp8266/build_contexts/build_ctx_072472052/deps/rpc-ws/src" to "/data/fwbuild-volumes/2.18.0/apps/EDEN_CURTAIN/esp8266/build_contexts/build_ctx_072472052/deps/rpc-ws/src"
mount from "/data/fwbuild-volumes/2.18.0/apps/EDEN_CURTAIN/esp8266/build_contexts/build_ctx_072472052/deps/file-logger/src" to "/data/fwbuild-volumes/2.18.0/apps/EDEN_CURTAIN/esp8266/build_contexts/build_ctx_072472052/deps/file-logger/src"
mount from "/data/fwbuild-volumes/2.18.0/apps/EDEN_CURTAIN/esp8266/build_contexts/build_ctx_072472052/deps/http-server/src" to "/data/fwbuild-volumes/2.18.0/apps/EDEN_CURTAIN/esp8266/build_contexts/build_ctx_072472052/deps/http-server/src"
mount from "/data/fwbuild-volumes/2.18.0/apps/EDEN_CURTAIN/esp8266/build_contexts/build_ctx_072472052/deps/rpc-loopback/src" to "/data/fwbuild-volumes/2.18.0/apps/EDEN_CURTAIN/esp8266/build_contexts/build_ctx_072472052/deps/rpc-loopback/src"
mount from "/data/fwbuild-volumes/2.18.0/apps/EDEN_CURTAIN/esp8266/build_contexts/build_ctx_072472052/deps/rpc-mqtt/src" to "/data/fwbuild-volumes/2.18.0/apps/EDEN_CURTAIN/esp8266/build_contexts/build_ctx_072472052/deps/rpc-mqtt/src"
mount from "/data/fwbuild-volumes/2.18.0/apps/EDEN_CURTAIN/esp8266/build_contexts/build_ctx_072472052/deps/rpc-service-config/src" to "/data/fwbuild-volumes/2.18.0/apps/EDEN_CURTAIN/esp8266/build_contexts/build_ctx_072472052/deps/rpc-service-config/src"
mount from "/data/fwbuild-volumes/2.18.0/apps/EDEN_CURTAIN/esp8266/build_contexts/build_ctx_072472052/deps/rpc-service-fs/src" to "/data/fwbuild-volumes/2.18.0/apps/EDEN_CURTAIN/esp8266/build_contexts/build_ctx_072472052/deps/rpc-service-fs/src"
mount from "/data/fwbuild-volumes/2.18.0/apps/EDEN_CURTAIN/esp8266/build_contexts/build_ctx_072472052/deps/rpc-service-gpio/src" to "/data/fwbuild-volumes/2.18.0/apps/EDEN_CURTAIN/esp8266/build_contexts/build_ctx_072472052/deps/rpc-service-gpio/src"
mount from "/data/fwbuild-volumes/2.18.0/apps/EDEN_CURTAIN/esp8266/build_contexts/build_ctx_072472052/deps/rpc-service-i2c/src" to "/data/fwbuild-volumes/2.18.0/apps/EDEN_CURTAIN/esp8266/build_contexts/build_ctx_072472052/deps/rpc-service-i2c/src"
mount from "/data/fwbuild-volumes/2.18.0/apps/EDEN_CURTAIN/esp8266/build_contexts/build_ctx_072472052/deps/rpc-uart/src" to "/data/fwbuild-volumes/2.18.0/apps/EDEN_CURTAIN/esp8266/build_contexts/build_ctx_072472052/deps/rpc-uart/src"
mount from "/data/fwbuild-volumes/2.18.0/apps/EDEN_CURTAIN/esp8266/build_contexts/build_ctx_072472052/deps/sntp/src" to "/data/fwbuild-volumes/2.18.0/apps/EDEN_CURTAIN/esp8266/build_contexts/build_ctx_072472052/deps/sntp/src"
mount from "/data/fwbuild-volumes/2.18.0/apps/EDEN_CURTAIN/esp8266/build_contexts/build_ctx_072472052/deps/spi/src" to "/data/fwbuild-volumes/2.18.0/apps/EDEN_CURTAIN/esp8266/build_contexts/build_ctx_072472052/deps/spi/src"
mount from "/data/fwbuild-volumes/2.18.0/apps/EDEN_CURTAIN/esp8266/build_contexts/build_ctx_072472052/deps/spi/src/common_gpio" to "/data/fwbuild-volumes/2.18.0/apps/EDEN_CURTAIN/esp8266/build_contexts/build_ctx_072472052/deps/spi/src/common_gpio"
mount from "/data/fwbuild-volumes/2.18.0/apps/EDEN_CURTAIN/esp8266/build_contexts/build_ctx_072472052/deps/vfs-dev-spi-flash/src" to "/data/fwbuild-volumes/2.18.0/apps/EDEN_CURTAIN/esp8266/build_contexts/build_ctx_072472052/deps/vfs-dev-spi-flash/src"
mount from "/data/fwbuild-volumes/2.18.0/apps/EDEN_CURTAIN/esp8266/build_contexts/build_ctx_072472052/deps/wifi/src" to "/data/fwbuild-volumes/2.18.0/apps/EDEN_CURTAIN/esp8266/build_contexts/build_ctx_072472052/deps/wifi/src"
mount from "/data/fwbuild-volumes/2.18.0/apps/EDEN_CURTAIN/esp8266/build_contexts/build_ctx_072472052/deps/wifi/src/esp8266" to "/data/fwbuild-volumes/2.18.0/apps/EDEN_CURTAIN/esp8266/build_contexts/build_ctx_072472052/deps/wifi/src/esp8266"
mount from "/data/fwbuild-volumes/2.18.0/apps/EDEN_CURTAIN/esp8266/build_contexts/build_ctx_072472052/deps/i2c/include" to "/data/fwbuild-volumes/2.18.0/apps/EDEN_CURTAIN/esp8266/build_contexts/build_ctx_072472052/deps/i2c/include"
mount from "/data/fwbuild-volumes/2.18.0/apps/EDEN_CURTAIN/esp8266/build_contexts/build_ctx_072472052/deps/atca/include" to "/data/fwbuild-volumes/2.18.0/apps/EDEN_CURTAIN/esp8266/build_contexts/build_ctx_072472052/deps/atca/include"
mount from "/data/fwbuild-volumes/2.18.0/apps/EDEN_CURTAIN/esp8266/build_contexts/build_ctx_072472052/deps/atca/cryptoauthlib/lib" to "/data/fwbuild-volumes/2.18.0/apps/EDEN_CURTAIN/esp8266/build_contexts/build_ctx_072472052/deps/atca/cryptoauthlib/lib"
mount from "/data/fwbuild-volumes/2.18.0/apps/EDEN_CURTAIN/esp8266/build_contexts/build_ctx_072472052/deps/atca/cryptoauthlib/lib/crypto" to "/data/fwbuild-volumes/2.18.0/apps/EDEN_CURTAIN/esp8266/build_contexts/build_ctx_072472052/deps/atca/cryptoauthlib/lib/crypto"
mount from "/data/fwbuild-volumes/2.18.0/apps/EDEN_CURTAIN/esp8266/build_contexts/build_ctx_072472052/deps/atca/cryptoauthlib/lib/hal" to "/data/fwbuild-volumes/2.18.0/apps/EDEN_CURTAIN/esp8266/build_contexts/build_ctx_072472052/deps/atca/cryptoauthlib/lib/hal"
mount from "/data/fwbuild-volumes/2.18.0/apps/EDEN_CURTAIN/esp8266/build_contexts/build_ctx_072472052/deps/mbedtls/include" to "/data/fwbuild-volumes/2.18.0/apps/EDEN_CURTAIN/esp8266/build_contexts/build_ctx_072472052/deps/mbedtls/include"
mount from "/data/fwbuild-volumes/2.18.0/apps/EDEN_CURTAIN/esp8266/build_contexts/build_ctx_072472052/deps/mbedtls/include/esp8266" to "/data/fwbuild-volumes/2.18.0/apps/EDEN_CURTAIN/esp8266/build_contexts/build_ctx_072472052/deps/mbedtls/include/esp8266"
mount from "/data/fwbuild-volumes/2.18.0/apps/EDEN_CURTAIN/esp8266/build_contexts/build_ctx_072472052/deps/mbedtls/mbedtls/include" to "/data/fwbuild-volumes/2.18.0/apps/EDEN_CURTAIN/esp8266/build_contexts/build_ctx_072472052/deps/mbedtls/mbedtls/include"
mount from "/data/fwbuild-volumes/2.18.0/apps/EDEN_CURTAIN/esp8266/build_contexts/build_ctx_072472052/deps/vfs-common/include" to "/data/fwbuild-volumes/2.18.0/apps/EDEN_CURTAIN/esp8266/build_contexts/build_ctx_072472052/deps/vfs-common/include"
mount from "/data/fwbuild-volumes/2.18.0/apps/EDEN_CURTAIN/esp8266/build_contexts/build_ctx_072472052/deps/vfs-common/include/esp8266" to "/data/fwbuild-volumes/2.18.0/apps/EDEN_CURTAIN/esp8266/build_contexts/build_ctx_072472052/deps/vfs-common/include/esp8266"
mount from "/data/fwbuild-volumes/2.18.0/apps/EDEN_CURTAIN/esp8266/build_contexts/build_ctx_072472052/deps/mongoose/include" to "/data/fwbuild-volumes/2.18.0/apps/EDEN_CURTAIN/esp8266/build_contexts/build_ctx_072472052/deps/mongoose/include"
mount from "/data/fwbuild-volumes/2.18.0/apps/EDEN_CURTAIN/esp8266/build_contexts/build_ctx_072472052/deps/vfs-dev-part/include" to "/data/fwbuild-volumes/2.18.0/apps/EDEN_CURTAIN/esp8266/build_contexts/build_ctx_072472052/deps/vfs-dev-part/include"
mount from "/data/fwbuild-volumes/2.18.0/apps/EDEN_CURTAIN/esp8266/build_contexts/build_ctx_072472052/deps/vfs-fs-lfs/include" to "/data/fwbuild-volumes/2.18.0/apps/EDEN_CURTAIN/esp8266/build_contexts/build_ctx_072472052/deps/vfs-fs-lfs/include"
mount from "/data/fwbuild-volumes/2.18.0/apps/EDEN_CURTAIN/esp8266/build_contexts/build_ctx_072472052/deps/vfs-fs-lfs/littlefs" to "/data/fwbuild-volumes/2.18.0/apps/EDEN_CURTAIN/esp8266/build_contexts/build_ctx_072472052/deps/vfs-fs-lfs/littlefs"
mount from "/data/fwbuild-volumes/2.18.0/apps/EDEN_CURTAIN/esp8266/build_contexts/build_ctx_072472052/deps/vfs-fs-lfs/littlefs1" to "/data/fwbuild-volumes/2.18.0/apps/EDEN_CURTAIN/esp8266/build_contexts/build_ctx_072472052/deps/vfs-fs-lfs/littlefs1"
mount from "/data/fwbuild-volumes/2.18.0/apps/EDEN_CURTAIN/esp8266/build_contexts/build_ctx_072472052/deps/vfs-fs-spiffs/include" to "/data/fwbuild-volumes/2.18.0/apps/EDEN_CURTAIN/esp8266/build_contexts/build_ctx_072472052/deps/vfs-fs-spiffs/include"
mount from "/data/fwbuild-volumes/2.18.0/apps/EDEN_CURTAIN/esp8266/build_contexts/build_ctx_072472052/deps/vfs-fs-spiffs/include/spiffs" to "/data/fwbuild-volumes/2.18.0/apps/EDEN_CURTAIN/esp8266/build_contexts/build_ctx_072472052/deps/vfs-fs-spiffs/include/spiffs"
mount from "/data/fwbuild-volumes/2.18.0/apps/EDEN_CURTAIN/esp8266/build_contexts/build_ctx_072472052/deps/vfs-fs-spiffs/include/esp8266" to "/data/fwbuild-volumes/2.18.0/apps/EDEN_CURTAIN/esp8266/build_contexts/build_ctx_072472052/deps/vfs-fs-spiffs/include/esp8266"
mount from "/data/fwbuild-volumes/2.18.0/apps/EDEN_CURTAIN/esp8266/build_contexts/build_ctx_072472052/deps/core/include" to "/data/fwbuild-volumes/2.18.0/apps/EDEN_CURTAIN/esp8266/build_contexts/build_ctx_072472052/deps/core/include"
mount from "/data/fwbuild-volumes/2.18.0/apps/EDEN_CURTAIN/esp8266/build_contexts/build_ctx_072472052/deps/core/include/esp8266" to "/data/fwbuild-volumes/2.18.0/apps/EDEN_CURTAIN/esp8266/build_contexts/build_ctx_072472052/deps/core/include/esp8266"
mount from "/data/fwbuild-volumes/2.18.0/apps/EDEN_CURTAIN/esp8266/build_contexts/build_ctx_072472052/deps/mqtt/include" to "/data/fwbuild-volumes/2.18.0/apps/EDEN_CURTAIN/esp8266/build_contexts/build_ctx_072472052/deps/mqtt/include"
mount from "/data/fwbuild-volumes/2.18.0/apps/EDEN_CURTAIN/esp8266/build_contexts/build_ctx_072472052/deps/shadow/include" to "/data/fwbuild-volumes/2.18.0/apps/EDEN_CURTAIN/esp8266/build_contexts/build_ctx_072472052/deps/shadow/include"
mount from "/data/fwbuild-volumes/2.18.0/apps/EDEN_CURTAIN/esp8266/build_contexts/build_ctx_072472052/deps/aws/include" to "/data/fwbuild-volumes/2.18.0/apps/EDEN_CURTAIN/esp8266/build_contexts/build_ctx_072472052/deps/aws/include"
mount from "/data/fwbuild-volumes/2.18.0/apps/EDEN_CURTAIN/esp8266/build_contexts/build_ctx_072472052/deps/ota-common/include" to "/data/fwbuild-volumes/2.18.0/apps/EDEN_CURTAIN/esp8266/build_contexts/build_ctx_072472052/deps/ota-common/include"
mount from "/data/fwbuild-volumes/2.18.0/apps/EDEN_CURTAIN/esp8266/build_contexts/build_ctx_072472052/deps/ota-http-client/include" to "/data/fwbuild-volumes/2.18.0/apps/EDEN_CURTAIN/esp8266/build_contexts/build_ctx_072472052/deps/ota-http-client/include"
mount from "/data/fwbuild-volumes/2.18.0/apps/EDEN_CURTAIN/esp8266/build_contexts/build_ctx_072472052/deps/rpc-common/include" to "/data/fwbuild-volumes/2.18.0/apps/EDEN_CURTAIN/esp8266/build_contexts/build_ctx_072472052/deps/rpc-common/include"
mount from "/data/fwbuild-volumes/2.18.0/apps/EDEN_CURTAIN/esp8266/build_contexts/build_ctx_072472052/deps/rpc-ws/include" to "/data/fwbuild-volumes/2.18.0/apps/EDEN_CURTAIN/esp8266/build_contexts/build_ctx_072472052/deps/rpc-ws/include"
mount from "/data/fwbuild-volumes/2.18.0/apps/EDEN_CURTAIN/esp8266/build_contexts/build_ctx_072472052/deps/dash/include" to "/data/fwbuild-volumes/2.18.0/apps/EDEN_CURTAIN/esp8266/build_contexts/build_ctx_072472052/deps/dash/include"
mount from "/data/fwbuild-volumes/2.18.0/apps/EDEN_CURTAIN/esp8266/build_contexts/build_ctx_072472052/deps/file-logger/include" to "/data/fwbuild-volumes/2.18.0/apps/EDEN_CURTAIN/esp8266/build_contexts/build_ctx_072472052/deps/file-logger/include"
mount from "/data/fwbuild-volumes/2.18.0/apps/EDEN_CURTAIN/esp8266/build_contexts/build_ctx_072472052/deps/http-server/include" to "/data/fwbuild-volumes/2.18.0/apps/EDEN_CURTAIN/esp8266/build_contexts/build_ctx_072472052/deps/http-server/include"
mount from "/data/fwbuild-volumes/2.18.0/apps/EDEN_CURTAIN/esp8266/build_contexts/build_ctx_072472052/deps/rpc-loopback/include" to "/data/fwbuild-volumes/2.18.0/apps/EDEN_CURTAIN/esp8266/build_contexts/build_ctx_072472052/deps/rpc-loopback/include"
mount from "/data/fwbuild-volumes/2.18.0/apps/EDEN_CURTAIN/esp8266/build_contexts/build_ctx_072472052/deps/rpc-mqtt/include" to "/data/fwbuild-volumes/2.18.0/apps/EDEN_CURTAIN/esp8266/build_contexts/build_ctx_072472052/deps/rpc-mqtt/include"
mount from "/data/fwbuild-volumes/2.18.0/apps/EDEN_CURTAIN/esp8266/build_contexts/build_ctx_072472052/deps/rpc-service-config/include" to "/data/fwbuild-volumes/2.18.0/apps/EDEN_CURTAIN/esp8266/build_contexts/build_ctx_072472052/deps/rpc-service-config/include"
mount from "/data/fwbuild-volumes/2.18.0/apps/EDEN_CURTAIN/esp8266/build_contexts/build_ctx_072472052/deps/rpc-service-fs/include" to "/data/fwbuild-volumes/2.18.0/apps/EDEN_CURTAIN/esp8266/build_contexts/build_ctx_072472052/deps/rpc-service-fs/include"
mount from "/data/fwbuild-volumes/2.18.0/apps/EDEN_CURTAIN/esp8266/build_contexts/build_ctx_072472052/deps/rpc-service-gpio/include" to "/data/fwbuild-volumes/2.18.0/apps/EDEN_CURTAIN/esp8266/build_contexts/build_ctx_072472052/deps/rpc-service-gpio/include"
mount from "/data/fwbuild-volumes/2.18.0/apps/EDEN_CURTAIN/esp8266/build_contexts/build_ctx_072472052/deps/rpc-service-i2c/include" to "/data/fwbuild-volumes/2.18.0/apps/EDEN_CURTAIN/esp8266/build_contexts/build_ctx_072472052/deps/rpc-service-i2c/include"
mount from "/data/fwbuild-volumes/2.18.0/apps/EDEN_CURTAIN/esp8266/build_contexts/build_ctx_072472052/deps/rpc-service-ota/include" to "/data/fwbuild-volumes/2.18.0/apps/EDEN_CURTAIN/esp8266/build_contexts/build_ctx_072472052/deps/rpc-service-ota/include"
mount from "/data/fwbuild-volumes/2.18.0/apps/EDEN_CURTAIN/esp8266/build_contexts/build_ctx_072472052/deps/rpc-uart/include" to "/data/fwbuild-volumes/2.18.0/apps/EDEN_CURTAIN/esp8266/build_contexts/build_ctx_072472052/deps/rpc-uart/include"
mount from "/data/fwbuild-volumes/2.18.0/apps/EDEN_CURTAIN/esp8266/build_contexts/build_ctx_072472052/deps/spi/include" to "/data/fwbuild-volumes/2.18.0/apps/EDEN_CURTAIN/esp8266/build_contexts/build_ctx_072472052/deps/spi/include"
mount from "/data/fwbuild-volumes/2.18.0/apps/EDEN_CURTAIN/esp8266/build_contexts/build_ctx_072472052/deps/vfs-dev-spi-flash/include" to "/data/fwbuild-volumes/2.18.0/apps/EDEN_CURTAIN/esp8266/build_contexts/build_ctx_072472052/deps/vfs-dev-spi-flash/include"
mount from "/data/fwbuild-volumes/2.18.0/apps/EDEN_CURTAIN/esp8266/build_contexts/build_ctx_072472052/deps/wifi/include" to "/data/fwbuild-volumes/2.18.0/apps/EDEN_CURTAIN/esp8266/build_contexts/build_ctx_072472052/deps/wifi/include"
mount from "/data/fwbuild-volumes/2.18.0/apps/EDEN_CURTAIN/esp8266/build_contexts/build_ctx_072472052/deps/ca-bundle/fs" to "/data/fwbuild-volumes/2.18.0/apps/EDEN_CURTAIN/esp8266/build_contexts/build_ctx_072472052/deps/ca-bundle/fs"
mount from "/data/fwbuild-volumes/2.18.0/apps/EDEN_CURTAIN/esp8266/build_contexts/build_ctx_072472052/fs" to "/data/fwbuild-volumes/2.18.0/apps/EDEN_CURTAIN/esp8266/build_contexts/build_ctx_072472052/fs"
mount from "/data/fwbuild-volumes/2.18.0/apps/EDEN_CURTAIN/esp8266/build_contexts/build_ctx_072472052/build/objs" to "/data/fwbuild-volumes/2.18.0/apps/EDEN_CURTAIN/esp8266/build_contexts/build_ctx_072472052/build/objs"
mount from "/data/fwbuild-volumes/2.18.0/apps/EDEN_CURTAIN/esp8266/build_contexts/build_ctx_072472052/build/objs" to "/data/fwbuild-volumes/2.18.0/apps/EDEN_CURTAIN/esp8266/build_contexts/build_ctx_072472052/build/objs"
mount from "/data/fwbuild-volumes/2.18.0/apps/EDEN_CURTAIN/esp8266/build_contexts/build_ctx_072472052/build/objs" to "/data/fwbuild-volumes/2.18.0/apps/EDEN_CURTAIN/esp8266/build_contexts/build_ctx_072472052/build/objs"
mount from "/data/fwbuild-volumes/2.18.0/apps/EDEN_CURTAIN/esp8266/build_contexts/build_ctx_072472052/build/objs" to "/data/fwbuild-volumes/2.18.0/apps/EDEN_CURTAIN/esp8266/build_contexts/build_ctx_072472052/build/objs"
mount from "/data/fwbuild-volumes/2.18.0/apps/EDEN_CURTAIN/esp8266/build_contexts/build_ctx_072472052/build/objs" to "/data/fwbuild-volumes/2.18.0/apps/EDEN_CURTAIN/esp8266/build_contexts/build_ctx_072472052/build/objs"
mount from "/data/fwbuild-volumes/2.18.0/apps/EDEN_CURTAIN/esp8266/build_contexts/build_ctx_072472052/build/objs" to "/data/fwbuild-volumes/2.18.0/apps/EDEN_CURTAIN/esp8266/build_contexts/build_ctx_072472052/build/objs"
mount from "/data/fwbuild-volumes/2.18.0/apps/EDEN_CURTAIN/esp8266/build_contexts/build_ctx_072472052/build/objs" to "/data/fwbuild-volumes/2.18.0/apps/EDEN_CURTAIN/esp8266/build_contexts/build_ctx_072472052/build/objs"
mount from "/data/fwbuild-volumes/2.18.0/apps/EDEN_CURTAIN/esp8266/build_contexts/build_ctx_072472052/build/objs" to "/data/fwbuild-volumes/2.18.0/apps/EDEN_CURTAIN/esp8266/build_contexts/build_ctx_072472052/build/objs"
mount from "/data/fwbuild-volumes/2.18.0/apps/EDEN_CURTAIN/esp8266/build_contexts/build_ctx_072472052/build/gen" to "/data/fwbuild-volumes/2.18.0/apps/EDEN_CURTAIN/esp8266/build_contexts/build_ctx_072472052/build/gen"
Docker arguments: run --name mos_build_2020-12-31T07-29-14-00_2022155405897725153 --rm -i -v /data/fwbuild-volumes/2.18.0/apps/EDEN_CURTAIN/esp8266/build_contexts/build_ctx_072472052:/app -v /data/fwbuild-volumes/2.18.0/apps/EDEN_CURTAIN/esp8266/build_contexts/build_ctx_072472052/deps/vfs-fs-lfs/littlefs:/data/fwbuild-volumes/2.18.0/apps/EDEN_CURTAIN/esp8266/build_contexts/build_ctx_072472052/deps/vfs-fs-lfs/littlefs -v /data/fwbuild-volumes/2.18.0/apps/EDEN_CURTAIN/esp8266/build_contexts/build_ctx_072472052/deps/spi/src/common_gpio:/data/fwbuild-volumes/2.18.0/apps/EDEN_CURTAIN/esp8266/build_contexts/build_ctx_072472052/deps/spi/src/common_gpio -v /data/fwbuild-volumes/2.18.0/apps/EDEN_CURTAIN/esp8266/build_contexts/build_ctx_072472052/deps/shadow/include:/data/fwbuild-volumes/2.18.0/apps/EDEN_CURTAIN/esp8266/build_contexts/build_ctx_072472052/deps/shadow/include -v /data/fwbuild-volumes/2.18.0/apps/EDEN_CURTAIN/esp8266/build_contexts/build_ctx_072472052/deps/aws/include:/data/fwbuild-volumes/2.18.0/apps/EDEN_CURTAIN/esp8266/build_contexts/build_ctx_072472052/deps/aws/include -v /data/fwbuild-volumes/2.18.0/apps/EDEN_CURTAIN/esp8266/build_contexts/build_ctx_072472052/build/gen:/data/fwbuild-volumes/2.18.0/apps/EDEN_CURTAIN/esp8266/build_contexts/build_ctx_072472052/build/gen -v /data/fwbuild-volumes/2.18.0/apps/EDEN_CURTAIN/esp8266/build_contexts/build_ctx_072472052/deps/vfs-common/src/esp8266:/data/fwbuild-volumes/2.18.0/apps/EDEN_CURTAIN/esp8266/build_contexts/build_ctx_072472052/deps/vfs-common/src/esp8266 -v /data/fwbuild-volumes/2.18.0/apps/EDEN_CURTAIN/esp8266/build_contexts/build_ctx_072472052/deps/vfs-fs-spiffs/src:/data/fwbuild-volumes/2.18.0/apps/EDEN_CURTAIN/esp8266/build_contexts/build_ctx_072472052/deps/vfs-fs-spiffs/src -v /data/fwbuild-volumes/2.18.0/apps/EDEN_CURTAIN/esp8266/build_contexts/build_ctx_072472052/deps/rpc-ws/src:/data/fwbuild-volumes/2.18.0/apps/EDEN_CURTAIN/esp8266/build_contexts/build_ctx_072472052/deps/rpc-ws/src -v /data/fwbuild-volumes/2.18.0/apps/EDEN_CURTAIN/esp8266/build_contexts/build_ctx_072472052/deps/rpc-loopback/include:/data/fwbuild-volumes/2.18.0/apps/EDEN_CURTAIN/esp8266/build_contexts/build_ctx_072472052/deps/rpc-loopback/include -v /data/fwbuild-volumes/2.18.0/apps/EDEN_CURTAIN/esp8266/build_contexts/build_ctx_072472052/deps/i2c/src:/data/fwbuild-volumes/2.18.0/apps/EDEN_CURTAIN/esp8266/build_contexts/build_ctx_072472052/deps/i2c/src -v /data/fwbuild-volumes/2.18.0/apps/EDEN_CURTAIN/esp8266/build_contexts/build_ctx_072472052/deps/vfs-common/include/esp8266:/data/fwbuild-volumes/2.18.0/apps/EDEN_CURTAIN/esp8266/build_contexts/build_ctx_072472052/deps/vfs-common/include/esp8266 -v /data/fwbuild-volumes/2.18.0/apps/EDEN_CURTAIN/esp8266/build_contexts/build_ctx_072472052/deps/mongoose/include:/data/fwbuild-volumes/2.18.0/apps/EDEN_CURTAIN/esp8266/build_contexts/build_ctx_072472052/deps/mongoose/include -v /data/fwbuild-volumes/2.18.0/apps/EDEN_CURTAIN/esp8266/build_contexts/build_ctx_072472052/deps/rpc-mqtt/src:/data/fwbuild-volumes/2.18.0/apps/EDEN_CURTAIN/esp8266/build_contexts/build_ctx_072472052/deps/rpc-mqtt/src -v /data/fwbuild-volumes/2.18.0/apps/EDEN_CURTAIN/esp8266/build_contexts/build_ctx_072472052/deps/atca/cryptoauthlib/lib/crypto:/data/fwbuild-volumes/2.18.0/apps/EDEN_CURTAIN/esp8266/build_contexts/build_ctx_072472052/deps/atca/cryptoauthlib/lib/crypto -v /data/fwbuild-volumes/2.18.0/apps/EDEN_CURTAIN/esp8266/build_contexts/build_ctx_072472052/deps/ota-common/include:/data/fwbuild-volumes/2.18.0/apps/EDEN_CURTAIN/esp8266/build_contexts/build_ctx_072472052/deps/ota-common/include -v /data/fwbuild-volumes/2.18.0/apps/EDEN_CURTAIN/esp8266/build_contexts/build_ctx_072472052/deps/mbedtls/include/esp8266:/data/fwbuild-volumes/2.18.0/apps/EDEN_CURTAIN/esp8266/build_contexts/build_ctx_072472052/deps/mbedtls/include/esp8266 -v /data/fwbuild-volumes/2.18.0/apps/EDEN_CURTAIN/esp8266/build_contexts/build_ctx_072472052/deps/vfs-common/include:/data/fwbuild-volumes/2.18.0/apps/EDEN_CURTAIN/esp8266/build_contexts/build_ctx_072472052/deps/vfs-common/include -v /data/fwbuild-volumes/2.18.0/apps/EDEN_CURTAIN/esp8266/build_contexts/build_ctx_072472052/deps/core/include/esp8266:/data/fwbuild-volumes/2.18.0/apps/EDEN_CURTAIN/esp8266/build_contexts/build_ctx_072472052/deps/core/include/esp8266 -v /data/fwbuild-volumes/2.18.0/apps/EDEN_CURTAIN/esp8266/build_contexts/build_ctx_072472052/deps/i2c/src/gpio:/data/fwbuild-volumes/2.18.0/apps/EDEN_CURTAIN/esp8266/build_contexts/build_ctx_072472052/deps/i2c/src/gpio -v /data/fwbuild-volumes/2.18.0/apps/EDEN_CURTAIN/esp8266/build_contexts/build_ctx_072472052/deps/atca/cryptoauthlib/lib/basic:/data/fwbuild-volumes/2.18.0/apps/EDEN_CURTAIN/esp8266/build_contexts/build_ctx_072472052/deps/atca/cryptoauthlib/lib/basic -v /data/fwbuild-volumes/2.18.0/apps/EDEN_CURTAIN/esp8266/build_contexts/build_ctx_072472052/deps/core/src:/data/fwbuild-volumes/2.18.0/apps/EDEN_CURTAIN/esp8266/build_contexts/build_ctx_072472052/deps/core/src -v /data/fwbuild-volumes/2.18.0/apps/EDEN_CURTAIN/esp8266/build_contexts/build_ctx_072472052/deps/rpc-common/src:/data/fwbuild-volumes/2.18.0/apps/EDEN_CURTAIN/esp8266/build_contexts/build_ctx_072472052/deps/rpc-common/src -v /data/fwbuild-volumes/2.18.0/apps/EDEN_CURTAIN/esp8266/build_contexts/build_ctx_072472052/deps/mbedtls/include:/data/fwbuild-volumes/2.18.0/apps/EDEN_CURTAIN/esp8266/build_contexts/build_ctx_072472052/deps/mbedtls/include -v /data/fwbuild-volumes/2.18.0/apps/EDEN_CURTAIN/esp8266/build_contexts/build_ctx_072472052/deps/mqtt/include:/data/fwbuild-volumes/2.18.0/apps/EDEN_CURTAIN/esp8266/build_contexts/build_ctx_072472052/deps/mqtt/include -v /data/fwbuild-volumes/2.18.0/apps/EDEN_CURTAIN/esp8266/build_contexts/build_ctx_072472052/deps/rpc-common/include:/data/fwbuild-volumes/2.18.0/apps/EDEN_CURTAIN/esp8266/build_contexts/build_ctx_072472052/deps/rpc-common/include -v /data/fwbuild-volumes/2.18.0/apps/EDEN_CURTAIN/esp8266/build_contexts/build_ctx_072472052/deps/wifi/include:/data/fwbuild-volumes/2.18.0/apps/EDEN_CURTAIN/esp8266/build_contexts/build_ctx_072472052/deps/wifi/include -v /data/fwbuild-volumes/2.18.0/apps/EDEN_CURTAIN/esp8266/build_contexts/build_ctx_072472052/fs:/data/fwbuild-volumes/2.18.0/apps/EDEN_CURTAIN/esp8266/build_contexts/build_ctx_072472052/fs -v /data/fwbuild-volumes/2.18.0/apps/EDEN_CURTAIN/esp8266/build_contexts/build_ctx_072472052/src:/data/fwbuild-volumes/2.18.0/apps/EDEN_CURTAIN/esp8266/build_contexts/build_ctx_072472052/src -v /data/fwbuild-volumes/2.18.0/apps/EDEN_CURTAIN/esp8266/build_contexts/build_ctx_072472052/deps/rpc-service-i2c/src:/data/fwbuild-volumes/2.18.0/apps/EDEN_CURTAIN/esp8266/build_contexts/build_ctx_072472052/deps/rpc-service-i2c/src -v /data/fwbuild-volumes/2.18.0/apps/EDEN_CURTAIN/esp8266/build_contexts/build_ctx_072472052/deps/vfs-fs-spiffs/include/esp8266:/data/fwbuild-volumes/2.18.0/apps/EDEN_CURTAIN/esp8266/build_contexts/build_ctx_072472052/deps/vfs-fs-spiffs/include/esp8266 -v /data/fwbuild-volumes/2.18.0/apps/EDEN_CURTAIN/esp8266/build_contexts/build_ctx_072472052/deps/file-logger/include:/data/fwbuild-volumes/2.18.0/apps/EDEN_CURTAIN/esp8266/build_contexts/build_ctx_072472052/deps/file-logger/include -v /data/fwbuild-volumes/2.18.0/apps/EDEN_CURTAIN/esp8266/build_contexts/build_ctx_072472052/deps/rpc-service-gpio/include:/data/fwbuild-volumes/2.18.0/apps/EDEN_CURTAIN/esp8266/build_contexts/build_ctx_072472052/deps/rpc-service-gpio/include -v /data/fwbuild-volumes/2.18.0/apps/EDEN_CURTAIN/esp8266/build_contexts/build_ctx_072472052/deps/core/src/esp8266:/data/fwbuild-volumes/2.18.0/apps/EDEN_CURTAIN/esp8266/build_contexts/build_ctx_072472052/deps/core/src/esp8266 -v /data/fwbuild-volumes/2.18.0/apps/EDEN_CURTAIN/esp8266/build_contexts/build_ctx_072472052/deps/mqtt/src:/data/fwbuild-volumes/2.18.0/apps/EDEN_CURTAIN/esp8266/build_contexts/build_ctx_072472052/deps/mqtt/src -v /data/fwbuild-volumes/2.18.0/apps/EDEN_CURTAIN/esp8266/build_contexts/build_ctx_072472052/deps/core/include:/data/fwbuild-volumes/2.18.0/apps/EDEN_CURTAIN/esp8266/build_contexts/build_ctx_072472052/deps/core/include -v /data/fwbuild-volumes/2.18.0/apps/EDEN_CURTAIN/esp8266/build_contexts/build_ctx_072472052/deps/http-server/include:/data/fwbuild-volumes/2.18.0/apps/EDEN_CURTAIN/esp8266/build_contexts/build_ctx_072472052/deps/http-server/include -v /data/fwbuild-volumes/2.18.0/apps/EDEN_CURTAIN/esp8266/build_contexts/build_ctx_072472052/deps/rpc-service-fs/include:/data/fwbuild-volumes/2.18.0/apps/EDEN_CURTAIN/esp8266/build_contexts/build_ctx_072472052/deps/rpc-service-fs/include -v /data/fwbuild-volumes/2.18.0/apps/EDEN_CURTAIN/esp8266/build_contexts/build_ctx_072472052/deps/atca/cryptoauthlib/lib/host:/data/fwbuild-volumes/2.18.0/apps/EDEN_CURTAIN/esp8266/build_contexts/build_ctx_072472052/deps/atca/cryptoauthlib/lib/host -v /data/fwbuild-volumes/2.18.0/apps/EDEN_CURTAIN/esp8266/build_contexts/build_ctx_072472052/deps/atca/cryptoauthlib/lib/mbedtls:/data/fwbuild-volumes/2.18.0/apps/EDEN_CURTAIN/esp8266/build_contexts/build_ctx_072472052/deps/atca/cryptoauthlib/lib/mbedtls -v /data/fwbuild-volumes/2.18.0/apps/EDEN_CURTAIN/esp8266/build_contexts/build_ctx_072472052/deps/vfs-common/src:/data/fwbuild-volumes/2.18.0/apps/EDEN_CURTAIN/esp8266/build_contexts/build_ctx_072472052/deps/vfs-common/src -v /data/fwbuild-volumes/2.18.0/apps/EDEN_CURTAIN/esp8266/build_contexts/build_ctx_072472052/deps/wifi/src:/data/fwbuild-volumes/2.18.0/apps/EDEN_CURTAIN/esp8266/build_contexts/build_ctx_072472052/deps/wifi/src -v /data/fwbuild-volumes/2.18.0/apps/EDEN_CURTAIN/esp8266/build_contexts/build_ctx_072472052/deps/rpc-ws/include:/data/fwbuild-volumes/2.18.0/apps/EDEN_CURTAIN/esp8266/build_contexts/build_ctx_072472052/deps/rpc-ws/include -v /data/fwbuild-volumes/2.18.0/apps/EDEN_CURTAIN/esp8266/build_contexts/build_ctx_072472052/deps/rpc-service-i2c/include:/data/fwbuild-volumes/2.18.0/apps/EDEN_CURTAIN/esp8266/build_contexts/build_ctx_072472052/deps/rpc-service-i2c/include -v /data/fwbuild-volumes/2.18.0/apps/EDEN_CURTAIN/esp8266/build_contexts/build_ctx_072472052/deps/rpc-service-ota/include:/data/fwbuild-volumes/2.18.0/apps/EDEN_CURTAIN/esp8266/build_contexts/build_ctx_072472052/deps/rpc-service-ota/include -v /data/fwbuild-volumes/2.18.0/apps/EDEN_CURTAIN/esp8266/build_contexts/build_ctx_072472052/deps/vfs-fs-spiffs/include/spiffs:/data/fwbuild-volumes/2.18.0/apps/EDEN_CURTAIN/esp8266/build_contexts/build_ctx_072472052/deps/vfs-fs-spiffs/include/spiffs -v /data/fwbuild-volumes/2.18.0/apps/EDEN_CURTAIN/esp8266/build_contexts/build_ctx_072472052/deps/spi/include:/data/fwbuild-volumes/2.18.0/apps/EDEN_CURTAIN/esp8266/build_contexts/build_ctx_072472052/deps/spi/include -v /data/fwbuild-volumes/2.18.0/apps/EDEN_CURTAIN/esp8266/build_contexts/build_ctx_072472052/deps/atca/cryptoauthlib/lib:/data/fwbuild-volumes/2.18.0/apps/EDEN_CURTAIN/esp8266/build_contexts/build_ctx_072472052/deps/atca/cryptoauthlib/lib -v /data/fwbuild-volumes/2.18.0/apps/EDEN_CURTAIN/esp8266/build_contexts/build_ctx_072472052/deps/vfs-fs-lfs/littlefs1:/data/fwbuild-volumes/2.18.0/apps/EDEN_CURTAIN/esp8266/build_contexts/build_ctx_072472052/deps/vfs-fs-lfs/littlefs1 -v /data/fwbuild-volumes/2.18.0/apps/EDEN_CURTAIN/esp8266/build_contexts/build_ctx_072472052/deps/rpc-service-gpio/src:/data/fwbuild-volumes/2.18.0/apps/EDEN_CURTAIN/esp8266/build_contexts/build_ctx_072472052/deps/rpc-service-gpio/src -v /data/fwbuild-volumes/2.18.0/apps/EDEN_CURTAIN/esp8266/build_contexts/build_ctx_072472052/deps/vfs-fs-lfs/include:/data/fwbuild-volumes/2.18.0/apps/EDEN_CURTAIN/esp8266/build_contexts/build_ctx_072472052/deps/vfs-fs-lfs/include -v /data/fwbuild-volumes/2.18.0/apps/EDEN_CURTAIN/esp8266/build_contexts/build_ctx_072472052/deps/vfs-fs-spiffs/include:/data/fwbuild-volumes/2.18.0/apps/EDEN_CURTAIN/esp8266/build_contexts/build_ctx_072472052/deps/vfs-fs-spiffs/include -v /data/fwbuild-volumes/2.18.0/apps/EDEN_CURTAIN/esp8266/build_contexts/build_ctx_072472052/deps/vfs-fs-lfs/src:/data/fwbuild-volumes/2.18.0/apps/EDEN_CURTAIN/esp8266/build_contexts/build_ctx_072472052/deps/vfs-fs-lfs/src -v /data/fwbuild-volumes/2.18.0/apps/EDEN_CURTAIN/esp8266/build_contexts/build_ctx_072472052/deps/spi/src:/data/fwbuild-volumes/2.18.0/apps/EDEN_CURTAIN/esp8266/build_contexts/build_ctx_072472052/deps/spi/src -v /data/fwbuild-volumes/2.18.0/apps/EDEN_CURTAIN/esp8266/build_contexts/build_ctx_072472052/deps/vfs-dev-spi-flash/src:/data/fwbuild-volumes/2.18.0/apps/EDEN_CURTAIN/esp8266/build_contexts/build_ctx_072472052/deps/vfs-dev-spi-flash/src -v /data/fwbuild-volumes/2.18.0/apps/EDEN_CURTAIN/esp8266/build_contexts/build_ctx_072472052/build/objs:/data/fwbuild-volumes/2.18.0/apps/EDEN_CURTAIN/esp8266/build_contexts/build_ctx_072472052/build/objs -v /data/fwbuild-volumes/2.18.0/apps/EDEN_CURTAIN/esp8266/build_contexts/build_ctx_072472052/deps/rpc-service-config/src:/data/fwbuild-volumes/2.18.0/apps/EDEN_CURTAIN/esp8266/build_contexts/build_ctx_072472052/deps/rpc-service-config/src -v /data/fwbuild-volumes/2.18.0/apps/EDEN_CURTAIN/esp8266/build_contexts/build_ctx_072472052/deps/rpc-uart/include:/data/fwbuild-volumes/2.18.0/apps/EDEN_CURTAIN/esp8266/build_contexts/build_ctx_072472052/deps/rpc-uart/include -v /data/fwbuild-volumes/2.18.0/apps/EDEN_CURTAIN/esp8266/build_contexts/build_ctx_072472052/deps/ca-bundle/fs:/data/fwbuild-volumes/2.18.0/apps/EDEN_CURTAIN/esp8266/build_contexts/build_ctx_072472052/deps/ca-bundle/fs -v /data/fwbuild-volumes/2.18.0/apps/EDEN_CURTAIN/esp8266/build_contexts/build_ctx_072472052/deps/atca/include:/data/fwbuild-volumes/2.18.0/apps/EDEN_CURTAIN/esp8266/build_contexts/build_ctx_072472052/deps/atca/include -v /data/fwbuild-volumes/2.18.0/apps/EDEN_CURTAIN/esp8266/build_contexts/build_ctx_072472052/deps/mbedtls/mbedtls/include:/data/fwbuild-volumes/2.18.0/apps/EDEN_CURTAIN/esp8266/build_contexts/build_ctx_072472052/deps/mbedtls/mbedtls/include -v /data/fwbuild-volumes/2.18.0/apps/EDEN_CURTAIN/esp8266/build_contexts/build_ctx_072472052/deps/modules/mongoose-os:/data/fwbuild-volumes/2.18.0/apps/EDEN_CURTAIN/esp8266/build_contexts/build_ctx_072472052/deps/modules/mongoose-os -v /data/fwbuild-volumes/2.18.0/apps/EDEN_CURTAIN/esp8266/build_contexts/build_ctx_072472052/deps/shadow/src:/data/fwbuild-volumes/2.18.0/apps/EDEN_CURTAIN/esp8266/build_contexts/build_ctx_072472052/deps/shadow/src -v /data/fwbuild-volumes/2.18.0/apps/EDEN_CURTAIN/esp8266/build_contexts/build_ctx_072472052/deps/aws/src:/data/fwbuild-volumes/2.18.0/apps/EDEN_CURTAIN/esp8266/build_contexts/build_ctx_072472052/deps/aws/src -v /data/fwbuild-volumes/2.18.0/apps/EDEN_CURTAIN/esp8266/build_contexts/build_ctx_072472052/deps/sntp/src:/data/fwbuild-volumes/2.18.0/apps/EDEN_CURTAIN/esp8266/build_contexts/build_ctx_072472052/deps/sntp/src -v /data/fwbuild-volumes/2.18.0/apps/EDEN_CURTAIN/esp8266/build_contexts/build_ctx_072472052/deps/wifi/src/esp8266:/data/fwbuild-volumes/2.18.0/apps/EDEN_CURTAIN/esp8266/build_contexts/build_ctx_072472052/deps/wifi/src/esp8266 -v /data/fwbuild-volumes/2.18.0/apps/EDEN_CURTAIN/esp8266/build_contexts/build_ctx_072472052/deps/i2c/include:/data/fwbuild-volumes/2.18.0/apps/EDEN_CURTAIN/esp8266/build_contexts/build_ctx_072472052/deps/i2c/include -v /data/fwbuild-volumes/2.18.0/apps/EDEN_CURTAIN/esp8266/build_contexts/build_ctx_072472052/deps/atca/cryptoauthlib/lib/hal:/data/fwbuild-volumes/2.18.0/apps/EDEN_CURTAIN/esp8266/build_contexts/build_ctx_072472052/deps/atca/cryptoauthlib/lib/hal -v /data/fwbuild-volumes/2.18.0/apps/EDEN_CURTAIN/esp8266/build_contexts/build_ctx_072472052/deps/rpc-service-config/include:/data/fwbuild-volumes/2.18.0/apps/EDEN_CURTAIN/esp8266/build_contexts/build_ctx_072472052/deps/rpc-service-config/include -v /data/fwbuild-volumes/2.18.0/apps/EDEN_CURTAIN/esp8266/build_contexts/build_ctx_072472052/build:/data/fwbuild-volumes/2.18.0/apps/EDEN_CURTAIN/esp8266/build_contexts/build_ctx_072472052/build -v /data/fwbuild-volumes/2.18.0/apps/EDEN_CURTAIN/esp8266/build_contexts/build_ctx_072472052/deps/vfs-dev-part/src:/data/fwbuild-volumes/2.18.0/apps/EDEN_CURTAIN/esp8266/build_contexts/build_ctx_072472052/deps/vfs-dev-part/src -v /data/fwbuild-volumes/2.18.0/apps/EDEN_CURTAIN/esp8266/build_contexts/build_ctx_072472052/deps/vfs-fs-spiffs/src/spiffs:/data/fwbuild-volumes/2.18.0/apps/EDEN_CURTAIN/esp8266/build_contexts/build_ctx_072472052/deps/vfs-fs-spiffs/src/spiffs -v /data/fwbuild-volumes/2.18.0/apps/EDEN_CURTAIN/esp8266/build_contexts/build_ctx_072472052/deps/http-server/src:/data/fwbuild-volumes/2.18.0/apps/EDEN_CURTAIN/esp8266/build_contexts/build_ctx_072472052/deps/http-server/src -v /data/fwbuild-volumes/2.18.0/apps/EDEN_CURTAIN/esp8266/build_contexts/build_ctx_072472052/deps/rpc-loopback/src:/data/fwbuild-volumes/2.18.0/apps/EDEN_CURTAIN/esp8266/build_contexts/build_ctx_072472052/deps/rpc-loopback/src -v /data/fwbuild-volumes/2.18.0/apps/EDEN_CURTAIN/esp8266/build_contexts/build_ctx_072472052/deps/modules/mongoose-os:/mongoose-os -v /data/fwbuild-volumes/2.18.0/apps/EDEN_CURTAIN/esp8266/build_contexts/build_ctx_072472052/deps/rpc-service-fs/src:/data/fwbuild-volumes/2.18.0/apps/EDEN_CURTAIN/esp8266/build_contexts/build_ctx_072472052/deps/rpc-service-fs/src -v /data/fwbuild-volumes/2.18.0/apps/EDEN_CURTAIN/esp8266/build_contexts/build_ctx_072472052/deps/rpc-uart/src:/data/fwbuild-volumes/2.18.0/apps/EDEN_CURTAIN/esp8266/build_contexts/build_ctx_072472052/deps/rpc-uart/src -v /data/fwbuild-volumes/2.18.0/apps/EDEN_CURTAIN/esp8266/build_contexts/build_ctx_072472052/deps/vfs-dev-part/include:/data/fwbuild-volumes/2.18.0/apps/EDEN_CURTAIN/esp8266/build_contexts/build_ctx_072472052/deps/vfs-dev-part/include -v /data/fwbuild-volumes/2.18.0/apps/EDEN_CURTAIN/esp8266/build_contexts/build_ctx_072472052/deps/vfs-dev-spi-flash/include:/data/fwbuild-volumes/2.18.0/apps/EDEN_CURTAIN/esp8266/build_contexts/build_ctx_072472052/deps/vfs-dev-spi-flash/include -v /data/fwbuild-volumes/2.18.0/apps/EDEN_CURTAIN/esp8266/build_contexts/build_ctx_072472052/deps/atca/src:/data/fwbuild-volumes/2.18.0/apps/EDEN_CURTAIN/esp8266/build_contexts/build_ctx_072472052/deps/atca/src -v /data/fwbuild-volumes/2.18.0/apps/EDEN_CURTAIN/esp8266/build_contexts/build_ctx_072472052/deps/file-logger/src:/data/fwbuild-volumes/2.18.0/apps/EDEN_CURTAIN/esp8266/build_contexts/build_ctx_072472052/deps/file-logger/src -v /data/fwbuild-volumes/2.18.0/apps/EDEN_CURTAIN/esp8266/build_contexts/build_ctx_072472052/deps/ota-http-client/include:/data/fwbuild-volumes/2.18.0/apps/EDEN_CURTAIN/esp8266/build_contexts/build_ctx_072472052/deps/ota-http-client/include -v /data/fwbuild-volumes/2.18.0/apps/EDEN_CURTAIN/esp8266/build_contexts/build_ctx_072472052/deps/dash/include:/data/fwbuild-volumes/2.18.0/apps/EDEN_CURTAIN/esp8266/build_contexts/build_ctx_072472052/deps/dash/include -v /data/fwbuild-volumes/2.18.0/apps/EDEN_CURTAIN/esp8266/build_contexts/build_ctx_072472052/deps/rpc-mqtt/include:/data/fwbuild-volumes/2.18.0/apps/EDEN_CURTAIN/esp8266/build_contexts/build_ctx_072472052/deps/rpc-mqtt/include --user 0:0 docker.io/mgos/esp8266-build:2.2.x_a0b13112-r8 /bin/bash -c nice make '-j' '8' '-C' '/app' '-f' '/data/fwbuild-volumes/2.18.0/apps/EDEN_CURTAIN/esp8266/build_contexts/build_ctx_072472052/deps/modules/mongoose-os/platforms/esp8266/Makefile.build' 'all' 'MGOS_VARS_FILE=/data/fwbuild-volumes/2.18.0/apps/EDEN_CURTAIN/esp8266/build_contexts/build_ctx_072472052/build/gen/vars.mk'
make: Entering directory '/app'
  MKDIR /data/fwbuild-volumes/2.18.0/apps/EDEN_CURTAIN/esp8266/build_contexts/build_ctx_072472052/build/objs/fw_temp
  MKDIR /data/fwbuild-volumes/2.18.0/apps/EDEN_CURTAIN/esp8266/build_contexts/build_ctx_072472052/build/fw
  GEN   /data/fwbuild-volumes/2.18.0/apps/EDEN_CURTAIN/esp8266/build_contexts/build_ctx_072472052/build/gen/mgos_config.c
  GEN   /data/fwbuild-volumes/2.18.0/apps/EDEN_CURTAIN/esp8266/build_contexts/build_ctx_072472052/build/gen/mgos_ro_vars.c
CC esptool2_elf.c
gcc -O2 -Wall -c esptool2_elf.c -o /data/fwbuild-volumes/2.18.0/apps/EDEN_CURTAIN/esp8266/build_contexts/build_ctx_072472052/build/objs/esptool2_elf.o
CC esptool2.c
gcc -O2 -Wall -c esptool2.c -o /data/fwbuild-volumes/2.18.0/apps/EDEN_CURTAIN/esp8266/build_contexts/build_ctx_072472052/build/objs/esptool2.o
  GEN   /data/fwbuild-volumes/2.18.0/apps/EDEN_CURTAIN/esp8266/build_contexts/build_ctx_072472052/build/gen/ffi_exports.c
  GEN   /mongoose-os/platforms/esp8266/ld/non_os.ld (0xffff0 @ 0x40200010) -> /data/fwbuild-volumes/2.18.0/apps/EDEN_CURTAIN/esp8266/build_contexts/build_ctx_072472052/build/gen/0x100000.ld
LD /data/fwbuild-volumes/2.18.0/apps/EDEN_CURTAIN/esp8266/build_contexts/build_ctx_072472052/build/objs/esptool2
gcc -o /data/fwbuild-volumes/2.18.0/apps/EDEN_CURTAIN/esp8266/build_contexts/build_ctx_072472052/build/objs/esptool2 /data/fwbuild-volumes/2.18.0/apps/EDEN_CURTAIN/esp8266/build_contexts/build_ctx_072472052/build/objs/esptool2.o /data/fwbuild-volumes/2.18.0/apps/EDEN_CURTAIN/esp8266/build_contexts/build_ctx_072472052/build/objs/esptool2_elf.o
  CC    /mongoose-os/platforms/esp8266/src/esp_cache.c
CC rboot-stage2a.c
  CC    /data/fwbuild-volumes/2.18.0/apps/EDEN_CURTAIN/esp8266/build_contexts/build_ctx_072472052/src/main.c
  CC    /data/fwbuild-volumes/2.18.0/apps/EDEN_CURTAIN/esp8266/build_contexts/build_ctx_072472052/deps/i2c/src/mgos_i2c_master.c
  CC    /data/fwbuild-volumes/2.18.0/apps/EDEN_CURTAIN/esp8266/build_contexts/build_ctx_072472052/build/gen/mgos_deps_init.c
  CC    /data/fwbuild-volumes/2.18.0/apps/EDEN_CURTAIN/esp8266/build_contexts/build_ctx_072472052/deps/atca/src/mgos_atca.c
  CC    /data/fwbuild-volumes/2.18.0/apps/EDEN_CURTAIN/esp8266/build_contexts/build_ctx_072472052/deps/i2c/src/gpio/mgos_i2c_gpio_master.c
LD /data/fwbuild-volumes/2.18.0/apps/EDEN_CURTAIN/esp8266/build_contexts/build_ctx_072472052/build/objs/rboot/rboot-stage2a.elf
  CC    /data/fwbuild-volumes/2.18.0/apps/EDEN_CURTAIN/esp8266/build_contexts/build_ctx_072472052/deps/atca/src/mgos_atca_hal.c
E2 /data/fwbuild-volumes/2.18.0/apps/EDEN_CURTAIN/esp8266/build_contexts/build_ctx_072472052/build/gen/rboot-hex2a.h
CC rboot.c
  CC    /data/fwbuild-volumes/2.18.0/apps/EDEN_CURTAIN/esp8266/build_contexts/build_ctx_072472052/deps/atca/cryptoauthlib/lib/atca_cfgs.c
  CC    /data/fwbuild-volumes/2.18.0/apps/EDEN_CURTAIN/esp8266/build_contexts/build_ctx_072472052/deps/atca/cryptoauthlib/lib/atca_command.c
  CC    /data/fwbuild-volumes/2.18.0/apps/EDEN_CURTAIN/esp8266/build_contexts/build_ctx_072472052/deps/atca/cryptoauthlib/lib/atca_device.c
LD /data/fwbuild-volumes/2.18.0/apps/EDEN_CURTAIN/esp8266/build_contexts/build_ctx_072472052/build/objs/rboot/rboot.elf
E2 /data/fwbuild-volumes/2.18.0/apps/EDEN_CURTAIN/esp8266/build_contexts/build_ctx_072472052/build/objs/rboot/rboot.bin
  CC    /data/fwbuild-volumes/2.18.0/apps/EDEN_CURTAIN/esp8266/build_contexts/build_ctx_072472052/deps/atca/cryptoauthlib/lib/atca_execution.c
  CC    /data/fwbuild-volumes/2.18.0/apps/EDEN_CURTAIN/esp8266/build_contexts/build_ctx_072472052/deps/atca/cryptoauthlib/lib/atca_iface.c
  CC    /data/fwbuild-volumes/2.18.0/apps/EDEN_CURTAIN/esp8266/build_contexts/build_ctx_072472052/deps/atca/cryptoauthlib/lib/basic/atca_basic.c
  CC    /data/fwbuild-volumes/2.18.0/apps/EDEN_CURTAIN/esp8266/build_contexts/build_ctx_072472052/deps/atca/cryptoauthlib/lib/basic/atca_basic_aes.c
  CC    /data/fwbuild-volumes/2.18.0/apps/EDEN_CURTAIN/esp8266/build_contexts/build_ctx_072472052/deps/atca/cryptoauthlib/lib/basic/atca_basic_aes_cbc.c
  CC    /data/fwbuild-volumes/2.18.0/apps/EDEN_CURTAIN/esp8266/build_contexts/build_ctx_072472052/deps/atca/cryptoauthlib/lib/basic/atca_basic_aes_cmac.c
  CC    /data/fwbuild-volumes/2.18.0/apps/EDEN_CURTAIN/esp8266/build_contexts/build_ctx_072472052/deps/atca/cryptoauthlib/lib/basic/atca_basic_aes_ctr.c
  CC    /data/fwbuild-volumes/2.18.0/apps/EDEN_CURTAIN/esp8266/build_contexts/build_ctx_072472052/deps/atca/cryptoauthlib/lib/basic/atca_basic_aes_gcm.c
  CC    /data/fwbuild-volumes/2.18.0/apps/EDEN_CURTAIN/esp8266/build_contexts/build_ctx_072472052/deps/atca/cryptoauthlib/lib/basic/atca_basic_checkmac.c
  CC    /data/fwbuild-volumes/2.18.0/apps/EDEN_CURTAIN/esp8266/build_contexts/build_ctx_072472052/deps/atca/cryptoauthlib/lib/basic/atca_basic_counter.c
  CC    /data/fwbuild-volumes/2.18.0/apps/EDEN_CURTAIN/esp8266/build_contexts/build_ctx_072472052/deps/atca/cryptoauthlib/lib/basic/atca_basic_derivekey.c
  CC    /data/fwbuild-volumes/2.18.0/apps/EDEN_CURTAIN/esp8266/build_contexts/build_ctx_072472052/deps/atca/cryptoauthlib/lib/basic/atca_basic_ecdh.c
  CC    /data/fwbuild-volumes/2.18.0/apps/EDEN_CURTAIN/esp8266/build_contexts/build_ctx_072472052/deps/atca/cryptoauthlib/lib/basic/atca_basic_gendig.c
  CC    /data/fwbuild-volumes/2.18.0/apps/EDEN_CURTAIN/esp8266/build_contexts/build_ctx_072472052/deps/atca/cryptoauthlib/lib/basic/atca_basic_genkey.c
  CC    /data/fwbuild-volumes/2.18.0/apps/EDEN_CURTAIN/esp8266/build_contexts/build_ctx_072472052/deps/atca/cryptoauthlib/lib/basic/atca_basic_hmac.c
  CC    /data/fwbuild-volumes/2.18.0/apps/EDEN_CURTAIN/esp8266/build_contexts/build_ctx_072472052/deps/atca/cryptoauthlib/lib/basic/atca_basic_info.c
  CC    /data/fwbuild-volumes/2.18.0/apps/EDEN_CURTAIN/esp8266/build_contexts/build_ctx_072472052/deps/atca/cryptoauthlib/lib/basic/atca_basic_kdf.c
  CC    /data/fwbuild-volumes/2.18.0/apps/EDEN_CURTAIN/esp8266/build_contexts/build_ctx_072472052/deps/atca/cryptoauthlib/lib/basic/atca_basic_lock.c
  CC    /data/fwbuild-volumes/2.18.0/apps/EDEN_CURTAIN/esp8266/build_contexts/build_ctx_072472052/deps/atca/cryptoauthlib/lib/basic/atca_basic_mac.c
  CC    /data/fwbuild-volumes/2.18.0/apps/EDEN_CURTAIN/esp8266/build_contexts/build_ctx_072472052/deps/atca/cryptoauthlib/lib/basic/atca_basic_nonce.c
  CC    /data/fwbuild-volumes/2.18.0/apps/EDEN_CURTAIN/esp8266/build_contexts/build_ctx_072472052/deps/atca/cryptoauthlib/lib/basic/atca_basic_privwrite.c
  CC    /data/fwbuild-volumes/2.18.0/apps/EDEN_CURTAIN/esp8266/build_contexts/build_ctx_072472052/deps/atca/cryptoauthlib/lib/basic/atca_basic_random.c
  CC    /data/fwbuild-volumes/2.18.0/apps/EDEN_CURTAIN/esp8266/build_contexts/build_ctx_072472052/deps/atca/cryptoauthlib/lib/basic/atca_basic_read.c
  CC    /data/fwbuild-volumes/2.18.0/apps/EDEN_CURTAIN/esp8266/build_contexts/build_ctx_072472052/deps/atca/cryptoauthlib/lib/basic/atca_basic_secureboot.c
  CC    /data/fwbuild-volumes/2.18.0/apps/EDEN_CURTAIN/esp8266/build_contexts/build_ctx_072472052/deps/atca/cryptoauthlib/lib/basic/atca_basic_selftest.c
  CC    /data/fwbuild-volumes/2.18.0/apps/EDEN_CURTAIN/esp8266/build_contexts/build_ctx_072472052/deps/atca/cryptoauthlib/lib/basic/atca_basic_sha.c
  CC    /data/fwbuild-volumes/2.18.0/apps/EDEN_CURTAIN/esp8266/build_contexts/build_ctx_072472052/deps/atca/cryptoauthlib/lib/basic/atca_basic_sign.c
  CC    /data/fwbuild-volumes/2.18.0/apps/EDEN_CURTAIN/esp8266/build_contexts/build_ctx_072472052/deps/atca/cryptoauthlib/lib/basic/atca_basic_updateextra.c
  CC    /data/fwbuild-volumes/2.18.0/apps/EDEN_CURTAIN/esp8266/build_contexts/build_ctx_072472052/deps/atca/cryptoauthlib/lib/basic/atca_basic_verify.c
  CC    /data/fwbuild-volumes/2.18.0/apps/EDEN_CURTAIN/esp8266/build_contexts/build_ctx_072472052/deps/atca/cryptoauthlib/lib/basic/atca_basic_write.c
  CC    /data/fwbuild-volumes/2.18.0/apps/EDEN_CURTAIN/esp8266/build_contexts/build_ctx_072472052/deps/atca/cryptoauthlib/lib/basic/atca_helpers.c
  CC    /data/fwbuild-volumes/2.18.0/apps/EDEN_CURTAIN/esp8266/build_contexts/build_ctx_072472052/deps/atca/cryptoauthlib/lib/host/atca_host.c
  CC    /data/fwbuild-volumes/2.18.0/apps/EDEN_CURTAIN/esp8266/build_contexts/build_ctx_072472052/deps/atca/cryptoauthlib/lib/mbedtls/atca_mbedtls_wrap.c
  CC    /data/fwbuild-volumes/2.18.0/apps/EDEN_CURTAIN/esp8266/build_contexts/build_ctx_072472052/deps/vfs-common/src/mgos_vfs.c
  CC    /data/fwbuild-volumes/2.18.0/apps/EDEN_CURTAIN/esp8266/build_contexts/build_ctx_072472052/deps/vfs-common/src/mgos_vfs_dev.c
  CC    /data/fwbuild-volumes/2.18.0/apps/EDEN_CURTAIN/esp8266/build_contexts/build_ctx_072472052/deps/vfs-common/src/mgos_vfs_internal.c
  CC    /data/fwbuild-volumes/2.18.0/apps/EDEN_CURTAIN/esp8266/build_contexts/build_ctx_072472052/deps/vfs-common/src/esp8266/esp_fs.c
  CC    /data/fwbuild-volumes/2.18.0/apps/EDEN_CURTAIN/esp8266/build_contexts/build_ctx_072472052/deps/vfs-common/src/esp8266/esp_vfs_dev_sysflash.c
  CC    /data/fwbuild-volumes/2.18.0/apps/EDEN_CURTAIN/esp8266/build_contexts/build_ctx_072472052/deps/vfs-dev-part/src/mgos_vfs_dev_part.c
  CC    /data/fwbuild-volumes/2.18.0/apps/EDEN_CURTAIN/esp8266/build_contexts/build_ctx_072472052/deps/vfs-fs-lfs/src/mgos_vfs_lfs.c
  CC    /data/fwbuild-volumes/2.18.0/apps/EDEN_CURTAIN/esp8266/build_contexts/build_ctx_072472052/deps/vfs-fs-lfs/littlefs/lfs.c
  CC    /data/fwbuild-volumes/2.18.0/apps/EDEN_CURTAIN/esp8266/build_contexts/build_ctx_072472052/deps/vfs-fs-lfs/littlefs/lfs_util.c
  CC    /data/fwbuild-volumes/2.18.0/apps/EDEN_CURTAIN/esp8266/build_contexts/build_ctx_072472052/deps/vfs-fs-lfs/littlefs1/lfs1.c
  CC    /data/fwbuild-volumes/2.18.0/apps/EDEN_CURTAIN/esp8266/build_contexts/build_ctx_072472052/deps/vfs-fs-lfs/littlefs1/lfs1_util.c
  CC    /data/fwbuild-volumes/2.18.0/apps/EDEN_CURTAIN/esp8266/build_contexts/build_ctx_072472052/deps/vfs-fs-spiffs/src/mgos_vfs_fs_spiffs.c
  CC    /data/fwbuild-volumes/2.18.0/apps/EDEN_CURTAIN/esp8266/build_contexts/build_ctx_072472052/deps/vfs-fs-spiffs/src/spiffs/spiffs_cache.c
  CC    /data/fwbuild-volumes/2.18.0/apps/EDEN_CURTAIN/esp8266/build_contexts/build_ctx_072472052/deps/vfs-fs-spiffs/src/spiffs/spiffs_check.c
  CC    /data/fwbuild-volumes/2.18.0/apps/EDEN_CURTAIN/esp8266/build_contexts/build_ctx_072472052/deps/vfs-fs-spiffs/src/spiffs/spiffs_gc.c
  CC    /data/fwbuild-volumes/2.18.0/apps/EDEN_CURTAIN/esp8266/build_contexts/build_ctx_072472052/deps/vfs-fs-spiffs/src/spiffs/spiffs_hydrogen.c
  CC    /data/fwbuild-volumes/2.18.0/apps/EDEN_CURTAIN/esp8266/build_contexts/build_ctx_072472052/deps/vfs-fs-spiffs/src/spiffs/spiffs_nucleus.c
  CC    /data/fwbuild-volumes/2.18.0/apps/EDEN_CURTAIN/esp8266/build_contexts/build_ctx_072472052/deps/core/src/esp8266/esp_rboot.c
  CC    /data/fwbuild-volumes/2.18.0/apps/EDEN_CURTAIN/esp8266/build_contexts/build_ctx_072472052/deps/core/src/mgos_core.c
  CC    /data/fwbuild-volumes/2.18.0/apps/EDEN_CURTAIN/esp8266/build_contexts/build_ctx_072472052/deps/mqtt/src/mgos_mqtt.c
  CC    /data/fwbuild-volumes/2.18.0/apps/EDEN_CURTAIN/esp8266/build_contexts/build_ctx_072472052/deps/mqtt/src/mgos_mqtt_conn.c
  CC    /data/fwbuild-volumes/2.18.0/apps/EDEN_CURTAIN/esp8266/build_contexts/build_ctx_072472052/deps/shadow/src/mgos_shadow.c
  CC    /data/fwbuild-volumes/2.18.0/apps/EDEN_CURTAIN/esp8266/build_contexts/build_ctx_072472052/deps/aws/src/mgos_aws.c
  CC    /data/fwbuild-volumes/2.18.0/apps/EDEN_CURTAIN/esp8266/build_contexts/build_ctx_072472052/deps/aws/src/mgos_aws_greengrass.c
  CC    /data/fwbuild-volumes/2.18.0/apps/EDEN_CURTAIN/esp8266/build_contexts/build_ctx_072472052/deps/aws/src/mgos_aws_shadow.c
  CC    /data/fwbuild-volumes/2.18.0/apps/EDEN_CURTAIN/esp8266/build_contexts/build_ctx_072472052/deps/rpc-common/src/mg_rpc.c
  CC    /data/fwbuild-volumes/2.18.0/apps/EDEN_CURTAIN/esp8266/build_contexts/build_ctx_072472052/deps/rpc-common/src/mg_rpc_channel.c
  CC    /data/fwbuild-volumes/2.18.0/apps/EDEN_CURTAIN/esp8266/build_contexts/build_ctx_072472052/deps/rpc-common/src/mgos_rpc.c
  CC    /data/fwbuild-volumes/2.18.0/apps/EDEN_CURTAIN/esp8266/build_contexts/build_ctx_072472052/deps/rpc-common/src/mg_rpc_channel_http.c
  CC    /data/fwbuild-volumes/2.18.0/apps/EDEN_CURTAIN/esp8266/build_contexts/build_ctx_072472052/deps/rpc-ws/src/mgos_rpc_channel_ws.c
  CC    /data/fwbuild-volumes/2.18.0/apps/EDEN_CURTAIN/esp8266/build_contexts/build_ctx_072472052/deps/rpc-ws/src/mgos_rpc_ws.c
  CC    /data/fwbuild-volumes/2.18.0/apps/EDEN_CURTAIN/esp8266/build_contexts/build_ctx_072472052/deps/file-logger/src/mgos_file_logger.c
  CC    /data/fwbuild-volumes/2.18.0/apps/EDEN_CURTAIN/esp8266/build_contexts/build_ctx_072472052/deps/http-server/src/mgos_http_server.c
  CC    /data/fwbuild-volumes/2.18.0/apps/EDEN_CURTAIN/esp8266/build_contexts/build_ctx_072472052/deps/rpc-loopback/src/mg_rpc_channel_loopback.c
  CC    /data/fwbuild-volumes/2.18.0/apps/EDEN_CURTAIN/esp8266/build_contexts/build_ctx_072472052/deps/rpc-mqtt/src/mgos_rpc_channel_mqtt.c
  CC    /data/fwbuild-volumes/2.18.0/apps/EDEN_CURTAIN/esp8266/build_contexts/build_ctx_072472052/deps/rpc-service-config/src/mgos_service_config.c
  CC    /data/fwbuild-volumes/2.18.0/apps/EDEN_CURTAIN/esp8266/build_contexts/build_ctx_072472052/deps/rpc-service-fs/src/mgos_service_fs.c
  CC    /data/fwbuild-volumes/2.18.0/apps/EDEN_CURTAIN/esp8266/build_contexts/build_ctx_072472052/deps/rpc-service-gpio/src/mgos_gpio_service.c
  CC    /data/fwbuild-volumes/2.18.0/apps/EDEN_CURTAIN/esp8266/build_contexts/build_ctx_072472052/deps/rpc-service-i2c/src/mgos_i2c_service.c
  CC    /data/fwbuild-volumes/2.18.0/apps/EDEN_CURTAIN/esp8266/build_contexts/build_ctx_072472052/deps/rpc-uart/src/mgos_rpc_channel_uart.c
  CC    /data/fwbuild-volumes/2.18.0/apps/EDEN_CURTAIN/esp8266/build_contexts/build_ctx_072472052/deps/sntp/src/mgos_sntp.c
  CC    /data/fwbuild-volumes/2.18.0/apps/EDEN_CURTAIN/esp8266/build_contexts/build_ctx_072472052/deps/spi/src/mgos_spi.c
  CC    /data/fwbuild-volumes/2.18.0/apps/EDEN_CURTAIN/esp8266/build_contexts/build_ctx_072472052/deps/spi/src/mgos_spi_mjs.c
  CC    /data/fwbuild-volumes/2.18.0/apps/EDEN_CURTAIN/esp8266/build_contexts/build_ctx_072472052/deps/spi/src/common_gpio/mgos_spi_gpio.c
  CC    /data/fwbuild-volumes/2.18.0/apps/EDEN_CURTAIN/esp8266/build_contexts/build_ctx_072472052/deps/vfs-dev-spi-flash/src/mgos_vfs_dev_spi_flash.c
  CC    /data/fwbuild-volumes/2.18.0/apps/EDEN_CURTAIN/esp8266/build_contexts/build_ctx_072472052/deps/wifi/src/mgos_wifi.c
  CC    /data/fwbuild-volumes/2.18.0/apps/EDEN_CURTAIN/esp8266/build_contexts/build_ctx_072472052/deps/wifi/src/mjs_wifi.c
  CC    /data/fwbuild-volumes/2.18.0/apps/EDEN_CURTAIN/esp8266/build_contexts/build_ctx_072472052/build/gen/ffi_exports.c
  CC    /data/fwbuild-volumes/2.18.0/apps/EDEN_CURTAIN/esp8266/build_contexts/build_ctx_072472052/deps/wifi/src/esp8266/esp_wifi.c
  CC    /mongoose-os/src/common/cs_file.c
  CC    /mongoose-os/src/common/cs_hex.c
  CC    /mongoose-os/src/common/cs_rbuf.c
  CC    /mongoose-os/src/mgos_config_util.c
  CC    /mongoose-os/src/mgos_core_dump.c
  CC    /mongoose-os/src/mgos_dlsym.c
  CC    /mongoose-os/src/mgos_event.c
  CC    /mongoose-os/src/mgos_file_utils.c
  CC    /mongoose-os/src/mgos_gpio.c
  CC    /mongoose-os/src/mgos_hw_timers.c
  CC    /mongoose-os/src/mgos_init.c
  CC    /mongoose-os/src/mgos_time.c
  CC    /mongoose-os/src/mgos_timers.c
  CC    /mongoose-os/src/mgos_mmap_esp.c
  CC    /mongoose-os/src/mgos_sys_config.c
  CC    /data/fwbuild-volumes/2.18.0/apps/EDEN_CURTAIN/esp8266/build_contexts/build_ctx_072472052/build/gen/mgos_config.c
  CC    /data/fwbuild-volumes/2.18.0/apps/EDEN_CURTAIN/esp8266/build_contexts/build_ctx_072472052/build/gen/mgos_ro_vars.c
  CC    /mongoose-os/src/mgos_system.c
  CC    /mongoose-os/src/mgos_utils.c
  CC    /mongoose-os/src/mgos_uart.c
  CC    /mongoose-os/src/common/cs_crc32.c
  CC    /mongoose-os/platforms/esp8266/rboot/rboot/appcode/rboot-bigflash.c
  CC    /mongoose-os/platforms/esp8266/rboot/rboot/appcode/rboot-api.c
  CC    /mongoose-os/src/common/json_utils.c
  CC    /mongoose-os/src/umm_malloc/umm_malloc.c
  CC    /mongoose-os/src/frozen/frozen.c
  CC    /mongoose-os/platforms/esp8266/src/esp_config.c
  CC    /mongoose-os/platforms/esp8266/src/esp_coredump.c
  CC    /mongoose-os/platforms/esp8266/src/esp_crypto.c
  CC    /mongoose-os/platforms/esp8266/src/esp_debug.c
  CC    /mongoose-os/platforms/esp8266/src/esp_exc.c
  CC    /mongoose-os/platforms/esp8266/src/esp_flash_writer.c
  CC    /mongoose-os/platforms/esp8266/src/esp_gpio.c
  CC    /mongoose-os/platforms/esp8266/src/esp_hal.c
  CC    /mongoose-os/platforms/esp8266/src/esp_heap_trace.c
  CC    /mongoose-os/platforms/esp8266/src/esp_hw_timers.c
  CC    /mongoose-os/platforms/esp8266/src/esp_hw_wdt.c
  CC    /mongoose-os/platforms/esp8266/src/esp_libc.c
  CC    /mongoose-os/platforms/esp8266/src/esp_main.c
  CC    /mongoose-os/platforms/esp8266/src/esp_periph.c
  CC    /mongoose-os/platforms/esp8266/src/esp_uart.c
  CC    /mongoose-os/platforms/esp8266/src/esp_umm_malloc.c
  CXX    /mongoose-os/src/error_codes.cpp
  CXX    /mongoose-os/src/status.cpp
  CC    /mongoose-os/src/mgos_debug.c
  CC    /mongoose-os/src/mgos_net.c
  CC    /mongoose-os/src/mgos_bitbang.c
  CC    /mongoose-os/platforms/esp8266/src/esp_exc_non_os.c
  AS    /mongoose-os/platforms/esp8266/src/esp_exc_vectors.S -> /data/fwbuild-volumes/2.18.0/apps/EDEN_CURTAIN/esp8266/build_contexts/build_ctx_072472052/build/objs/esp_exc_vectors.S.o
  AS    /mongoose-os/platforms/esp8266/src/esp_nsleep100.S -> /data/fwbuild-volumes/2.18.0/apps/EDEN_CURTAIN/esp8266/build_contexts/build_ctx_072472052/build/objs/esp_nsleep100.S.o
  CP    /data/fwbuild-volumes/2.18.0/apps/EDEN_CURTAIN/esp8266/build_contexts/build_ctx_072472052/build/gen/conf0.json -> /data/fwbuild-volumes/2.18.0/apps/EDEN_CURTAIN/esp8266/build_contexts/build_ctx_072472052/build/objs/fs
  CP    /data/fwbuild-volumes/2.18.0/apps/EDEN_CURTAIN/esp8266/build_contexts/build_ctx_072472052/deps/ca-bundle/fs/ca.pem -> /data/fwbuild-volumes/2.18.0/apps/EDEN_CURTAIN/esp8266/build_contexts/build_ctx_072472052/build/objs/fs
  CP    /data/fwbuild-volumes/2.18.0/apps/EDEN_CURTAIN/esp8266/build_contexts/build_ctx_072472052/fs/index.html -> /data/fwbuild-volumes/2.18.0/apps/EDEN_CURTAIN/esp8266/build_contexts/build_ctx_072472052/build/objs/fs
  MKFS  /usr/local/bin/mkspiffs8 262144 {bs:4096,ps:256,es:4096} /data/fwbuild-volumes/2.18.0/apps/EDEN_CURTAIN/esp8266/build_contexts/build_ctx_072472052/build/objs/fs -> /data/fwbuild-volumes/2.18.0/apps/EDEN_CURTAIN/esp8266/build_contexts/build_ctx_072472052/build/objs/fw_temp/fs.bin
     FS params: size=262144, bs=4096, ps=256, es=4096
       Adding index.html: 264
       Adding ca.pem: 30849
       Adding conf0.json: 3
     FS stats : space total=233681, used=32630, free=201051
  GEN   /data/fwbuild-volumes/2.18.0/apps/EDEN_CURTAIN/esp8266/build_contexts/build_ctx_072472052/build/gen/build_info.c
  GEN   /data/fwbuild-volumes/2.18.0/apps/EDEN_CURTAIN/esp8266/build_contexts/build_ctx_072472052/build/gen/mg_build_info.c
  AR    /data/fwbuild-volumes/2.18.0/apps/EDEN_CURTAIN/esp8266/build_contexts/build_ctx_072472052/build/objs/mongoose-os.a
  CC    /data/fwbuild-volumes/2.18.0/apps/EDEN_CURTAIN/esp8266/build_contexts/build_ctx_072472052/build/gen/build_info.c
  CC    /data/fwbuild-volumes/2.18.0/apps/EDEN_CURTAIN/esp8266/build_contexts/build_ctx_072472052/build/gen/mg_build_info.c
  LD    /data/fwbuild-volumes/2.18.0/apps/EDEN_CURTAIN/esp8266/build_contexts/build_ctx_072472052/build/objs/EDEN_CURTAIN.elf
  FW    /data/fwbuild-volumes/2.18.0/apps/EDEN_CURTAIN/esp8266/build_contexts/build_ctx_072472052/build/objs/EDEN_CURTAIN.elf -> /data/fwbuild-volumes/2.18.0/apps/EDEN_CURTAIN/esp8266/build_contexts/build_ctx_072472052/build/objs/EDEN_CURTAIN.bin
  GEN    /data/fwbuild-volumes/2.18.0/apps/EDEN_CURTAIN/esp8266/build_contexts/build_ctx_072472052/build/objs/fw_temp/manifest.json
  ZIP    /data/fwbuild-volumes/2.18.0/apps/EDEN_CURTAIN/esp8266/build_contexts/build_ctx_072472052/build/fw/EDEN_CURTAIN-esp8266-last.zip
     Adding /data/fwbuild-volumes/2.18.0/apps/EDEN_CURTAIN/esp8266/build_contexts/build_ctx_072472052/build/objs/fw_temp/EDEN_CURTAIN.bin
     Adding /data/fwbuild-volumes/2.18.0/apps/EDEN_CURTAIN/esp8266/build_contexts/build_ctx_072472052/build/objs/fw_temp/esp_init_data_default_v08.bin
     Adding /data/fwbuild-volumes/2.18.0/apps/EDEN_CURTAIN/esp8266/build_contexts/build_ctx_072472052/build/objs/fw_temp/fs.bin
     Adding /data/fwbuild-volumes/2.18.0/apps/EDEN_CURTAIN/esp8266/build_contexts/build_ctx_072472052/build/objs/fw_temp/rboot.bin
  Built EDEN_CURTAIN/esp8266 version 1.0.1 (20201231-072922)
make: Leaving directory '/app'
Success, built EDEN_CURTAIN/esp8266 version 1.0.1 (20201231-072922).
Firmware saved to /data/fwbuild-volumes/2.18.0/apps/EDEN_CURTAIN/esp8266/build_contexts/build_ctx_072472052/build/fw.zip
